[SYS] 2025/12/18 - 20:54:07 | initializing token encoders 
[SYS] 2025/12/18 - 20:54:07 | token encoders initialized 
[SYS] 2025/12/18 - 20:54:07 | using PostgreSQL as database 
[SYS] 2025/12/18 - 20:54:07 | database migration started 
[FATAL] 2025/12/18 - 20:54:07 | [failed to initialize database: failed to connect to `user=root database=new-api`:
	172.21.0.3:5432 (postgres): dial error: dial tcp 172.21.0.3:5432: connect: connection refused
	172.21.0.3:5432 (postgres): dial error: dial tcp 172.21.0.3:5432: connect: connection refused] 
[SYS] 2025/12/18 - 20:54:07 | initializing token encoders 
[SYS] 2025/12/18 - 20:54:07 | token encoders initialized 
[SYS] 2025/12/18 - 20:54:07 | using PostgreSQL as database 
[SYS] 2025/12/18 - 20:54:07 | database migration started 
[SYS] 2025/12/18 - 20:54:08 | system is already initialized at: 2025-12-18 18:06:27 +0800 CST 
[SYS] 2025/12/18 - 20:54:08 | SYNC_FREQUENCY not set, use default value 60 
[SYS] 2025/12/18 - 20:54:08 | Redis is enabled 
[SYS] 2025/12/18 - 20:54:08 | New API v0.4.0 started 
[SYS] 2025/12/18 - 20:54:08 | memory cache enabled 
[SYS] 2025/12/18 - 20:54:08 | sync frequency: 60 seconds 
[SYS] 2025/12/18 - 20:54:08 | channels synced from database 
[SYS] 2025/12/18 - 20:54:08 | batch update enabled with interval 5s 
[SYS] 2025/12/18 - 20:54:08 | æ­£åœ¨æ›´æ–°æ•°æ®çœ‹æ¿æ•°æ®... 
[SYS] 2025/12/18 - 20:54:08 | ä¿å­˜æ•°æ®çœ‹æ¿æ•°æ®æˆåŠŸï¼Œå…±ä¿å­˜0æ¡æ•°æ® 

  [32mQUNL API v0.4.0[0m  ready in 557 ms

  âœ  [1mNetwork:[0m http://172.21.0.4:3000/

[SYS] 2025/12/18 - 20:54:23 | ä»»åŠ¡è¿›åº¦è½®è¯¢å¼€å§‹ 
[SYS] 2025/12/18 - 20:54:23 | ä»»åŠ¡è¿›åº¦è½®è¯¢å®Œæˆ 
[GIN] 2025/12/18 - 20:54:27 | 20251218205427690250044tAAs7orJ | 200 |     530.708Âµs |    192.168.65.1 |     GET /api/status
[GIN] 2025/12/18 - 20:54:37 | 20251218205437958350049O6oFL3UX | 200 |     619.834Âµs |             ::1 |     GET /api/status
[SYS] 2025/12/18 - 20:54:38 | ä»»åŠ¡è¿›åº¦è½®è¯¢å¼€å§‹ 
[SYS] 2025/12/18 - 20:54:38 | ä»»åŠ¡è¿›åº¦è½®è¯¢å®Œæˆ 
[GIN] 2025/12/18 - 20:54:38 | 20251218205438723926716gm7Z63iP | 200 |    1.384084ms |    192.168.65.1 |     GET /login
[GIN] 2025/12/18 - 20:54:38 | 20251218205438775415549qUtdtv7E | 200 |  181.110708ms |    192.168.65.1 |     GET /assets/index-Dgm7M7go.js
[GIN] 2025/12/18 - 20:54:39 | 2025121820543990023591dhYGfney | 200 |    1.220417ms |    192.168.65.1 |     GET /api/status
[SYS] 2025/12/18 - 20:54:53 | ä»»åŠ¡è¿›åº¦è½®è¯¢å¼€å§‹ 
[SYS] 2025/12/18 - 20:54:53 | ä»»åŠ¡è¿›åº¦è½®è¯¢å®Œæˆ 
[GIN] 2025/12/18 - 20:55:08 | 202512182055087852882ZVHKdhj8 | 200 |     763.625Âµs |             ::1 |     GET /api/status
[SYS] 2025/12/18 - 20:55:08 | syncing channels from database 
[SYS] 2025/12/18 - 20:55:08 | syncing options from database 
[SYS] 2025/12/18 - 20:55:08 | channels synced from database 
[SYS] 2025/12/18 - 20:55:08 | ä»»åŠ¡è¿›åº¦è½®è¯¢å¼€å§‹ 
[SYS] 2025/12/18 - 20:55:08 | ä»»åŠ¡è¿›åº¦è½®è¯¢å®Œæˆ 
[SYS] 2025/12/18 - 20:55:23 | ä»»åŠ¡è¿›åº¦è½®è¯¢å¼€å§‹ 
[SYS] 2025/12/18 - 20:55:23 | ä»»åŠ¡è¿›åº¦è½®è¯¢å®Œæˆ 
[GIN] 2025/12/18 - 20:55:38 | 2025121820553867415757O4E3kecG | 200 |    1.227667ms |             ::1 |     GET /api/status
[SYS] 2025/12/18 - 20:55:38 | ä»»åŠ¡è¿›åº¦è½®è¯¢å¼€å§‹ 
[SYS] 2025/12/18 - 20:55:38 | ä»»åŠ¡è¿›åº¦è½®è¯¢å®Œæˆ 
[SYS] 2025/12/18 - 20:55:53 | ä»»åŠ¡è¿›åº¦è½®è¯¢å¼€å§‹ 
[SYS] 2025/12/18 - 20:55:53 | ä»»åŠ¡è¿›åº¦è½®è¯¢å®Œæˆ 
[GIN] 2025/12/18 - 20:56:08 | 20251218205608134685882tzKrDJsz | 200 |     495.041Âµs |             ::1 |     GET /api/status
[SYS] 2025/12/18 - 20:56:08 | syncing channels from database 
[SYS] 2025/12/18 - 20:56:08 | channels synced from database 
[SYS] 2025/12/18 - 20:56:08 | syncing options from database 
[SYS] 2025/12/18 - 20:56:08 | ä»»åŠ¡è¿›åº¦è½®è¯¢å¼€å§‹ 
[SYS] 2025/12/18 - 20:56:08 | ä»»åŠ¡è¿›åº¦è½®è¯¢å®Œæˆ 
[SYS] 2025/12/18 - 20:56:23 | ä»»åŠ¡è¿›åº¦è½®è¯¢å¼€å§‹ 
[SYS] 2025/12/18 - 20:56:23 | ä»»åŠ¡è¿›åº¦è½®è¯¢å®Œæˆ 
[GIN] 2025/12/18 - 20:56:38 | 20251218205638193759924iar4QNan | 200 |     847.459Âµs |             ::1 |     GET /api/status
[SYS] 2025/12/18 - 20:56:38 | ä»»åŠ¡è¿›åº¦è½®è¯¢å¼€å§‹ 
[SYS] 2025/12/18 - 20:56:38 | ä»»åŠ¡è¿›åº¦è½®è¯¢å®Œæˆ 
[SYS] 2025/12/18 - 20:56:53 | ä»»åŠ¡è¿›åº¦è½®è¯¢å¼€å§‹ 
[SYS] 2025/12/18 - 20:56:53 | ä»»åŠ¡è¿›åº¦è½®è¯¢å®Œæˆ 
[GIN] 2025/12/18 - 20:57:08 | 20251218205708247194507fFf65qb0 | 200 |     667.125Âµs |             ::1 |     GET /api/status
[SYS] 2025/12/18 - 20:57:08 | syncing channels from database 
[SYS] 2025/12/18 - 20:57:08 | syncing options from database 
[SYS] 2025/12/18 - 20:57:08 | channels synced from database 
[SYS] 2025/12/18 - 20:57:08 | ä»»åŠ¡è¿›åº¦è½®è¯¢å¼€å§‹ 
[SYS] 2025/12/18 - 20:57:08 | ä»»åŠ¡è¿›åº¦è½®è¯¢å®Œæˆ 
[SYS] 2025/12/18 - 20:57:23 | ä»»åŠ¡è¿›åº¦è½®è¯¢å¼€å§‹ 
[SYS] 2025/12/18 - 20:57:23 | ä»»åŠ¡è¿›åº¦è½®è¯¢å®Œæˆ 
[GIN] 2025/12/18 - 20:57:38 | 20251218205738308058590m72Qqk9j | 200 |     651.167Âµs |             ::1 |     GET /api/status
[SYS] 2025/12/18 - 20:57:38 | ä»»åŠ¡è¿›åº¦è½®è¯¢å¼€å§‹ 
[SYS] 2025/12/18 - 20:57:38 | ä»»åŠ¡è¿›åº¦è½®è¯¢å®Œæˆ 
[SYS] 2025/12/18 - 20:57:53 | ä»»åŠ¡è¿›åº¦è½®è¯¢å¼€å§‹ 
[SYS] 2025/12/18 - 20:57:53 | ä»»åŠ¡è¿›åº¦è½®è¯¢å®Œæˆ 
[GIN] 2025/12/18 - 20:58:08 | 20251218205808370195840C5Vg3bCd | 200 |     875.958Âµs |             ::1 |     GET /api/status
[SYS] 2025/12/18 - 20:58:08 | syncing options from database 
[SYS] 2025/12/18 - 20:58:08 | syncing channels from database 
[SYS] 2025/12/18 - 20:58:08 | channels synced from database 
[SYS] 2025/12/18 - 20:58:08 | ä»»åŠ¡è¿›åº¦è½®è¯¢å¼€å§‹ 
[SYS] 2025/12/18 - 20:58:08 | ä»»åŠ¡è¿›åº¦è½®è¯¢å®Œæˆ 
[SYS] 2025/12/18 - 20:58:23 | ä»»åŠ¡è¿›åº¦è½®è¯¢å¼€å§‹ 
[SYS] 2025/12/18 - 20:58:23 | ä»»åŠ¡è¿›åº¦è½®è¯¢å®Œæˆ 
[GIN] 2025/12/18 - 20:58:38 | 20251218205838442559132u12ayjFB | 200 |    1.015542ms |             ::1 |     GET /api/status
[SYS] 2025/12/18 - 20:58:38 | ä»»åŠ¡è¿›åº¦è½®è¯¢å¼€å§‹ 
[SYS] 2025/12/18 - 20:58:38 | ä»»åŠ¡è¿›åº¦è½®è¯¢å®Œæˆ 
[SYS] 2025/12/18 - 20:58:53 | ä»»åŠ¡è¿›åº¦è½®è¯¢å¼€å§‹ 
[SYS] 2025/12/18 - 20:58:53 | ä»»åŠ¡è¿›åº¦è½®è¯¢å®Œæˆ 
[SYS] 2025/12/18 - 20:59:08 | æ­£åœ¨æ›´æ–°æ•°æ®çœ‹æ¿æ•°æ®... 
[SYS] 2025/12/18 - 20:59:08 | ä¿å­˜æ•°æ®çœ‹æ¿æ•°æ®æˆåŠŸï¼Œå…±ä¿å­˜0æ¡æ•°æ® 
[SYS] 2025/12/18 - 20:59:08 | syncing channels from database 
[SYS] 2025/12/18 - 20:59:08 | syncing options from database 
[SYS] 2025/12/18 - 20:59:08 | channels synced from database 
[GIN] 2025/12/18 - 20:59:08 | 20251218205908499881841A4JHWwPr | 200 |      399.25Âµs |             ::1 |     GET /api/status
[SYS] 2025/12/18 - 20:59:08 | ä»»åŠ¡è¿›åº¦è½®è¯¢å¼€å§‹ 
[SYS] 2025/12/18 - 20:59:08 | ä»»åŠ¡è¿›åº¦è½®è¯¢å®Œæˆ 
[SYS] 2025/12/18 - 20:59:23 | ä»»åŠ¡è¿›åº¦è½®è¯¢å¼€å§‹ 
[SYS] 2025/12/18 - 20:59:23 | ä»»åŠ¡è¿›åº¦è½®è¯¢å®Œæˆ 
[GIN] 2025/12/18 - 20:59:38 | 202512182059385584907169u4EKlIw | 200 |      612.25Âµs |             ::1 |     GET /api/status
[SYS] 2025/12/18 - 20:59:38 | ä»»åŠ¡è¿›åº¦è½®è¯¢å¼€å§‹ 
[SYS] 2025/12/18 - 20:59:38 | ä»»åŠ¡è¿›åº¦è½®è¯¢å®Œæˆ 
[SYS] 2025/12/18 - 20:59:53 | ä»»åŠ¡è¿›åº¦è½®è¯¢å¼€å§‹ 
[SYS] 2025/12/18 - 20:59:53 | ä»»åŠ¡è¿›åº¦è½®è¯¢å®Œæˆ 
[SYS] 2025/12/18 - 21:00:08 | syncing channels from database 
[SYS] 2025/12/18 - 21:00:08 | syncing options from database 
[SYS] 2025/12/18 - 21:00:08 | channels synced from database 
[GIN] 2025/12/18 - 21:00:08 | 20251218210008615133466rXSssg0X | 200 |     817.916Âµs |             ::1 |     GET /api/status
[SYS] 2025/12/18 - 21:00:08 | ä»»åŠ¡è¿›åº¦è½®è¯¢å¼€å§‹ 
[SYS] 2025/12/18 - 21:00:08 | ä»»åŠ¡è¿›åº¦è½®è¯¢å®Œæˆ 
[SYS] 2025/12/18 - 21:00:23 | ä»»åŠ¡è¿›åº¦è½®è¯¢å¼€å§‹ 
[SYS] 2025/12/18 - 21:00:23 | ä»»åŠ¡è¿›åº¦è½®è¯¢å®Œæˆ 
[GIN] 2025/12/18 - 21:00:38 | 20251218210038654866466Oq2afD0T | 200 |     462.541Âµs |             ::1 |     GET /api/status
[SYS] 2025/12/18 - 21:00:38 | ä»»åŠ¡è¿›åº¦è½®è¯¢å¼€å§‹ 
[SYS] 2025/12/18 - 21:00:38 | ä»»åŠ¡è¿›åº¦è½®è¯¢å®Œæˆ 
[SYS] 2025/12/18 - 21:00:53 | ä»»åŠ¡è¿›åº¦è½®è¯¢å¼€å§‹ 
[SYS] 2025/12/18 - 21:00:53 | ä»»åŠ¡è¿›åº¦è½®è¯¢å®Œæˆ 
[SYS] 2025/12/18 - 21:01:08 | syncing channels from database 
[SYS] 2025/12/18 - 21:01:08 | syncing options from database 
[SYS] 2025/12/18 - 21:01:08 | channels synced from database 
[GIN] 2025/12/18 - 21:01:08 | 202512182101087094556320qnU8lz8 | 200 |     943.125Âµs |             ::1 |     GET /api/status
[SYS] 2025/12/18 - 21:01:08 | ä»»åŠ¡è¿›åº¦è½®è¯¢å¼€å§‹ 
[SYS] 2025/12/18 - 21:01:08 | ä»»åŠ¡è¿›åº¦è½®è¯¢å®Œæˆ 
[SYS] 2025/12/18 - 21:01:23 | ä»»åŠ¡è¿›åº¦è½®è¯¢å¼€å§‹ 
[SYS] 2025/12/18 - 21:01:23 | ä»»åŠ¡è¿›åº¦è½®è¯¢å®Œæˆ 
[SYS] 2025/12/18 - 21:01:38 | ä»»åŠ¡è¿›åº¦è½®è¯¢å¼€å§‹ 
[SYS] 2025/12/18 - 21:01:38 | ä»»åŠ¡è¿›åº¦è½®è¯¢å®Œæˆ 
[GIN] 2025/12/18 - 21:01:38 | 202512182101387618152997zP6sN1H | 200 |      580.75Âµs |             ::1 |     GET /api/status
[SYS] 2025/12/18 - 21:01:53 | ä»»åŠ¡è¿›åº¦è½®è¯¢å¼€å§‹ 
[SYS] 2025/12/18 - 21:01:53 | ä»»åŠ¡è¿›åº¦è½®è¯¢å®Œæˆ 
[SYS] 2025/12/18 - 21:02:08 | syncing options from database 
[SYS] 2025/12/18 - 21:02:08 | syncing channels from database 
[SYS] 2025/12/18 - 21:02:08 | channels synced from database 
[SYS] 2025/12/18 - 21:02:08 | ä»»åŠ¡è¿›åº¦è½®è¯¢å¼€å§‹ 
[SYS] 2025/12/18 - 21:02:08 | ä»»åŠ¡è¿›åº¦è½®è¯¢å®Œæˆ 
[GIN] 2025/12/18 - 21:02:08 | 20251218210208817433757sOZaOtGE | 200 |     749.125Âµs |             ::1 |     GET /api/status
[SYS] 2025/12/18 - 21:02:23 | ä»»åŠ¡è¿›åº¦è½®è¯¢å¼€å§‹ 
[SYS] 2025/12/18 - 21:02:23 | ä»»åŠ¡è¿›åº¦è½®è¯¢å®Œæˆ 
[SYS] 2025/12/18 - 21:02:38 | ä»»åŠ¡è¿›åº¦è½®è¯¢å¼€å§‹ 
[SYS] 2025/12/18 - 21:02:38 | ä»»åŠ¡è¿›åº¦è½®è¯¢å®Œæˆ 
[GIN] 2025/12/18 - 21:02:38 | 20251218210238863419257iEPk37ah | 200 |     564.708Âµs |             ::1 |     GET /api/status
[SYS] 2025/12/18 - 21:02:53 | ä»»åŠ¡è¿›åº¦è½®è¯¢å¼€å§‹ 
[SYS] 2025/12/18 - 21:02:53 | ä»»åŠ¡è¿›åº¦è½®è¯¢å®Œæˆ 
[SYS] 2025/12/18 - 21:03:08 | syncing channels from database 
[SYS] 2025/12/18 - 21:03:08 | syncing options from database 
[SYS] 2025/12/18 - 21:03:08 | channels synced from database 
[SYS] 2025/12/18 - 21:03:08 | ä»»åŠ¡è¿›åº¦è½®è¯¢å¼€å§‹ 
[SYS] 2025/12/18 - 21:03:08 | ä»»åŠ¡è¿›åº¦è½®è¯¢å®Œæˆ 
[GIN] 2025/12/18 - 21:03:08 | 20251218210308906320466x7aW9ovr | 200 |     332.375Âµs |             ::1 |     GET /api/status
[SYS] 2025/12/18 - 21:03:23 | ä»»åŠ¡è¿›åº¦è½®è¯¢å¼€å§‹ 
[SYS] 2025/12/18 - 21:03:23 | ä»»åŠ¡è¿›åº¦è½®è¯¢å®Œæˆ 
[SYS] 2025/12/18 - 21:03:38 | ä»»åŠ¡è¿›åº¦è½®è¯¢å¼€å§‹ 
[SYS] 2025/12/18 - 21:03:38 | ä»»åŠ¡è¿›åº¦è½®è¯¢å®Œæˆ 
[GIN] 2025/12/18 - 21:03:38 | 20251218210338959670924pPfMVLHl | 200 |     581.542Âµs |             ::1 |     GET /api/status
[SYS] 2025/12/18 - 21:03:53 | ä»»åŠ¡è¿›åº¦è½®è¯¢å¼€å§‹ 
[SYS] 2025/12/18 - 21:03:53 | ä»»åŠ¡è¿›åº¦è½®è¯¢å®Œæˆ 
[SYS] 2025/12/18 - 21:04:08 | æ­£åœ¨æ›´æ–°æ•°æ®çœ‹æ¿æ•°æ®... 
[SYS] 2025/12/18 - 21:04:08 | ä¿å­˜æ•°æ®çœ‹æ¿æ•°æ®æˆåŠŸï¼Œå…±ä¿å­˜0æ¡æ•°æ® 
[SYS] 2025/12/18 - 21:04:08 | syncing channels from database 
[SYS] 2025/12/18 - 21:04:08 | syncing options from database 
[SYS] 2025/12/18 - 21:04:08 | channels synced from database 
[SYS] 2025/12/18 - 21:04:08 | ä»»åŠ¡è¿›åº¦è½®è¯¢å¼€å§‹ 
[SYS] 2025/12/18 - 21:04:08 | ä»»åŠ¡è¿›åº¦è½®è¯¢å®Œæˆ 
[GIN] 2025/12/18 - 21:04:09 | 202512182104094836841h4uzuye7 | 200 |     407.958Âµs |             ::1 |     GET /api/status
[SYS] 2025/12/18 - 21:04:23 | ä»»åŠ¡è¿›åº¦è½®è¯¢å¼€å§‹ 
[SYS] 2025/12/18 - 21:04:23 | ä»»åŠ¡è¿›åº¦è½®è¯¢å®Œæˆ 
[SYS] 2025/12/18 - 21:04:38 | ä»»åŠ¡è¿›åº¦è½®è¯¢å¼€å§‹ 
[SYS] 2025/12/18 - 21:04:38 | ä»»åŠ¡è¿›åº¦è½®è¯¢å®Œæˆ 
[GIN] 2025/12/18 - 21:04:39 | 2025121821043952609049tkSESxIR | 200 |     341.291Âµs |             ::1 |     GET /api/status
[SYS] 2025/12/18 - 21:04:53 | ä»»åŠ¡è¿›åº¦è½®è¯¢å¼€å§‹ 
[SYS] 2025/12/18 - 21:04:53 | ä»»åŠ¡è¿›åº¦è½®è¯¢å®Œæˆ 
[SYS] 2025/12/18 - 21:05:08 | syncing channels from database 
[SYS] 2025/12/18 - 21:05:08 | syncing options from database 
[SYS] 2025/12/18 - 21:05:08 | channels synced from database 
[SYS] 2025/12/18 - 21:05:08 | ä»»åŠ¡è¿›åº¦è½®è¯¢å¼€å§‹ 
[SYS] 2025/12/18 - 21:05:08 | ä»»åŠ¡è¿›åº¦è½®è¯¢å®Œæˆ 
[GIN] 2025/12/18 - 21:05:09 | 20251218210509104154424WKilN0kB | 200 |     793.625Âµs |             ::1 |     GET /api/status
[SYS] 2025/12/18 - 21:05:23 | ä»»åŠ¡è¿›åº¦è½®è¯¢å¼€å§‹ 
[SYS] 2025/12/18 - 21:05:23 | ä»»åŠ¡è¿›åº¦è½®è¯¢å®Œæˆ 
[SYS] 2025/12/18 - 21:05:38 | ä»»åŠ¡è¿›åº¦è½®è¯¢å¼€å§‹ 
[SYS] 2025/12/18 - 21:05:38 | ä»»åŠ¡è¿›åº¦è½®è¯¢å®Œæˆ 
[GIN] 2025/12/18 - 21:05:39 | 20251218210539167084882z2X2kesu | 200 |         360Âµs |             ::1 |     GET /api/status
[SYS] 2025/12/18 - 21:05:53 | ä»»åŠ¡è¿›åº¦è½®è¯¢å¼€å§‹ 
[SYS] 2025/12/18 - 21:05:53 | ä»»åŠ¡è¿›åº¦è½®è¯¢å®Œæˆ 
[SYS] 2025/12/18 - 21:06:08 | syncing channels from database 
[SYS] 2025/12/18 - 21:06:08 | syncing options from database 
[SYS] 2025/12/18 - 21:06:08 | channels synced from database 
[SYS] 2025/12/18 - 21:06:08 | ä»»åŠ¡è¿›åº¦è½®è¯¢å¼€å§‹ 
[SYS] 2025/12/18 - 21:06:08 | ä»»åŠ¡è¿›åº¦è½®è¯¢å®Œæˆ 
[GIN] 2025/12/18 - 21:06:09 | 20251218210609220852716Q4hYupz3 | 200 |     423.041Âµs |             ::1 |     GET /api/status
[SYS] 2025/12/18 - 21:06:23 | ä»»åŠ¡è¿›åº¦è½®è¯¢å¼€å§‹ 
[SYS] 2025/12/18 - 21:06:23 | ä»»åŠ¡è¿›åº¦è½®è¯¢å®Œæˆ 
[SYS] 2025/12/18 - 21:06:38 | ä»»åŠ¡è¿›åº¦è½®è¯¢å¼€å§‹ 
[SYS] 2025/12/18 - 21:06:38 | ä»»åŠ¡è¿›åº¦è½®è¯¢å®Œæˆ 
[GIN] 2025/12/18 - 21:06:39 | 20251218210639275873341OFUShUrw | 200 |     636.125Âµs |             ::1 |     GET /api/status
[SYS] 2025/12/18 - 21:06:53 | ä»»åŠ¡è¿›åº¦è½®è¯¢å¼€å§‹ 
[SYS] 2025/12/18 - 21:06:53 | ä»»åŠ¡è¿›åº¦è½®è¯¢å®Œæˆ 
[SYS] 2025/12/18 - 21:07:08 | syncing options from database 
[SYS] 2025/12/18 - 21:07:08 | syncing channels from database 
[SYS] 2025/12/18 - 21:07:08 | channels synced from database 
[SYS] 2025/12/18 - 21:07:08 | ä»»åŠ¡è¿›åº¦è½®è¯¢å¼€å§‹ 
[SYS] 2025/12/18 - 21:07:08 | ä»»åŠ¡è¿›åº¦è½®è¯¢å®Œæˆ 
[GIN] 2025/12/18 - 21:07:09 | 20251218210709337250133eUmNEB2U | 200 |     660.584Âµs |             ::1 |     GET /api/status
[SYS] 2025/12/18 - 21:07:23 | ä»»åŠ¡è¿›åº¦è½®è¯¢å¼€å§‹ 
[SYS] 2025/12/18 - 21:07:23 | ä»»åŠ¡è¿›åº¦è½®è¯¢å®Œæˆ 
[SYS] 2025/12/18 - 21:07:39 | ä»»åŠ¡è¿›åº¦è½®è¯¢å¼€å§‹ 
[SYS] 2025/12/18 - 21:07:39 | ä»»åŠ¡è¿›åº¦è½®è¯¢å®Œæˆ 
[GIN] 2025/12/18 - 21:07:39 | 20251218210739394272091YTTq2cL5 | 200 |     572.791Âµs |             ::1 |     GET /api/status
[SYS] 2025/12/18 - 21:07:54 | ä»»åŠ¡è¿›åº¦è½®è¯¢å¼€å§‹ 
[SYS] 2025/12/18 - 21:07:54 | ä»»åŠ¡è¿›åº¦è½®è¯¢å®Œæˆ 
[SYS] 2025/12/18 - 21:08:08 | syncing options from database 
[SYS] 2025/12/18 - 21:08:08 | syncing channels from database 
[SYS] 2025/12/18 - 21:08:08 | channels synced from database 
[SYS] 2025/12/18 - 21:08:09 | ä»»åŠ¡è¿›åº¦è½®è¯¢å¼€å§‹ 
[SYS] 2025/12/18 - 21:08:09 | ä»»åŠ¡è¿›åº¦è½®è¯¢å®Œæˆ 
[GIN] 2025/12/18 - 21:08:09 | 20251218210809446925966KtanWvHs | 200 |     829.375Âµs |             ::1 |     GET /api/status
[SYS] 2025/12/18 - 21:08:24 | ä»»åŠ¡è¿›åº¦è½®è¯¢å¼€å§‹ 
[SYS] 2025/12/18 - 21:08:24 | ä»»åŠ¡è¿›åº¦è½®è¯¢å®Œæˆ 
[SYS] 2025/12/18 - 21:08:39 | ä»»åŠ¡è¿›åº¦è½®è¯¢å¼€å§‹ 
[SYS] 2025/12/18 - 21:08:39 | ä»»åŠ¡è¿›åº¦è½®è¯¢å®Œæˆ 
[GIN] 2025/12/18 - 21:08:39 | 20251218210839504894716EPrkBqLc | 200 |     568.375Âµs |             ::1 |     GET /api/status
[SYS] 2025/12/18 - 21:08:54 | ä»»åŠ¡è¿›åº¦è½®è¯¢å¼€å§‹ 
[SYS] 2025/12/18 - 21:08:54 | ä»»åŠ¡è¿›åº¦è½®è¯¢å®Œæˆ 
[SYS] 2025/12/18 - 21:09:08 | æ­£åœ¨æ›´æ–°æ•°æ®çœ‹æ¿æ•°æ®... 
[SYS] 2025/12/18 - 21:09:08 | ä¿å­˜æ•°æ®çœ‹æ¿æ•°æ®æˆåŠŸï¼Œå…±ä¿å­˜0æ¡æ•°æ® 
[SYS] 2025/12/18 - 21:09:08 | syncing options from database 
[SYS] 2025/12/18 - 21:09:08 | syncing channels from database 
[SYS] 2025/12/18 - 21:09:08 | channels synced from database 
[SYS] 2025/12/18 - 21:09:09 | ä»»åŠ¡è¿›åº¦è½®è¯¢å¼€å§‹ 
[SYS] 2025/12/18 - 21:09:09 | ä»»åŠ¡è¿›åº¦è½®è¯¢å®Œæˆ 
[GIN] 2025/12/18 - 21:09:09 | 20251218210909558071383MtgWtsro | 200 |     629.333Âµs |             ::1 |     GET /api/status
[SYS] 2025/12/18 - 21:09:24 | ä»»åŠ¡è¿›åº¦è½®è¯¢å¼€å§‹ 
[SYS] 2025/12/18 - 21:09:24 | ä»»åŠ¡è¿›åº¦è½®è¯¢å®Œæˆ 
[SYS] 2025/12/18 - 21:09:39 | ä»»åŠ¡è¿›åº¦è½®è¯¢å¼€å§‹ 
[SYS] 2025/12/18 - 21:09:39 | ä»»åŠ¡è¿›åº¦è½®è¯¢å®Œæˆ 
[GIN] 2025/12/18 - 21:09:39 | 20251218210939611598133b5V3PZsf | 200 |     603.083Âµs |             ::1 |     GET /api/status
[SYS] 2025/12/18 - 21:09:54 | ä»»åŠ¡è¿›åº¦è½®è¯¢å¼€å§‹ 
[SYS] 2025/12/18 - 21:09:54 | ä»»åŠ¡è¿›åº¦è½®è¯¢å®Œæˆ 
[SYS] 2025/12/18 - 21:10:08 | syncing options from database 
[SYS] 2025/12/18 - 21:10:08 | syncing channels from database 
[SYS] 2025/12/18 - 21:10:08 | channels synced from database 
[SYS] 2025/12/18 - 21:10:09 | ä»»åŠ¡è¿›åº¦è½®è¯¢å¼€å§‹ 
[SYS] 2025/12/18 - 21:10:09 | ä»»åŠ¡è¿›åº¦è½®è¯¢å®Œæˆ 
[GIN] 2025/12/18 - 21:10:09 | 20251218211009663258091UvXj0PbE | 200 |     917.667Âµs |             ::1 |     GET /api/status
[SYS] 2025/12/18 - 21:10:24 | ä»»åŠ¡è¿›åº¦è½®è¯¢å¼€å§‹ 
[SYS] 2025/12/18 - 21:10:24 | ä»»åŠ¡è¿›åº¦è½®è¯¢å®Œæˆ 
[SYS] 2025/12/18 - 21:10:39 | ä»»åŠ¡è¿›åº¦è½®è¯¢å¼€å§‹ 
[SYS] 2025/12/18 - 21:10:39 | ä»»åŠ¡è¿›åº¦è½®è¯¢å®Œæˆ 
[GIN] 2025/12/18 - 21:10:39 | 20251218211039722485841zLk0PXvl | 200 |         615Âµs |             ::1 |     GET /api/status
[SYS] 2025/12/18 - 21:10:54 | ä»»åŠ¡è¿›åº¦è½®è¯¢å¼€å§‹ 
[SYS] 2025/12/18 - 21:10:54 | ä»»åŠ¡è¿›åº¦è½®è¯¢å®Œæˆ 
[SYS] 2025/12/18 - 21:11:08 | syncing options from database 
[SYS] 2025/12/18 - 21:11:08 | syncing channels from database 
[SYS] 2025/12/18 - 21:11:08 | channels synced from database 
[SYS] 2025/12/18 - 21:11:09 | ä»»åŠ¡è¿›åº¦è½®è¯¢å¼€å§‹ 
[SYS] 2025/12/18 - 21:11:09 | ä»»åŠ¡è¿›åº¦è½®è¯¢å®Œæˆ 
[GIN] 2025/12/18 - 21:11:09 | 20251218211109773299133OH4fh9QQ | 200 |      629.25Âµs |             ::1 |     GET /api/status
[SYS] 2025/12/18 - 21:11:24 | ä»»åŠ¡è¿›åº¦è½®è¯¢å¼€å§‹ 
[SYS] 2025/12/18 - 21:11:24 | ä»»åŠ¡è¿›åº¦è½®è¯¢å®Œæˆ 
[SYS] 2025/12/18 - 21:11:39 | ä»»åŠ¡è¿›åº¦è½®è¯¢å¼€å§‹ 
[SYS] 2025/12/18 - 21:11:39 | ä»»åŠ¡è¿›åº¦è½®è¯¢å®Œæˆ 
[GIN] 2025/12/18 - 21:11:39 | 20251218211139832061216vnkJUsaU | 200 |     659.958Âµs |             ::1 |     GET /api/status
[SYS] 2025/12/18 - 21:11:54 | ä»»åŠ¡è¿›åº¦è½®è¯¢å¼€å§‹ 
[SYS] 2025/12/18 - 21:11:54 | ä»»åŠ¡è¿›åº¦è½®è¯¢å®Œæˆ 
[SYS] 2025/12/18 - 21:12:08 | syncing channels from database 
[SYS] 2025/12/18 - 21:12:08 | syncing options from database 
[SYS] 2025/12/18 - 21:12:08 | channels synced from database 
[SYS] 2025/12/18 - 21:12:09 | ä»»åŠ¡è¿›åº¦è½®è¯¢å¼€å§‹ 
[SYS] 2025/12/18 - 21:12:09 | ä»»åŠ¡è¿›åº¦è½®è¯¢å®Œæˆ 
[GIN] 2025/12/18 - 21:12:09 | 20251218211209884473008tCxeQ8MU | 200 |     628.375Âµs |             ::1 |     GET /api/status
[SYS] 2025/12/18 - 21:12:24 | ä»»åŠ¡è¿›åº¦è½®è¯¢å¼€å§‹ 
[SYS] 2025/12/18 - 21:12:24 | ä»»åŠ¡è¿›åº¦è½®è¯¢å®Œæˆ 
[SYS] 2025/12/18 - 21:12:39 | ä»»åŠ¡è¿›åº¦è½®è¯¢å¼€å§‹ 
[SYS] 2025/12/18 - 21:12:39 | ä»»åŠ¡è¿›åº¦è½®è¯¢å®Œæˆ 
[GIN] 2025/12/18 - 21:12:39 | 20251218211239929823716ct6EHyTR | 200 |     388.041Âµs |             ::1 |     GET /api/status
[SYS] 2025/12/18 - 21:12:54 | ä»»åŠ¡è¿›åº¦è½®è¯¢å¼€å§‹ 
[SYS] 2025/12/18 - 21:12:54 | ä»»åŠ¡è¿›åº¦è½®è¯¢å®Œæˆ 
[SYS] 2025/12/18 - 21:13:08 | syncing options from database 
[SYS] 2025/12/18 - 21:13:08 | syncing channels from database 
[SYS] 2025/12/18 - 21:13:08 | channels synced from database 
[SYS] 2025/12/18 - 21:13:09 | ä»»åŠ¡è¿›åº¦è½®è¯¢å¼€å§‹ 
[SYS] 2025/12/18 - 21:13:09 | ä»»åŠ¡è¿›åº¦è½®è¯¢å®Œæˆ 
[GIN] 2025/12/18 - 21:13:09 | 20251218211309994775091dXUTWiiG | 200 |     1.49325ms |             ::1 |     GET /api/status
[SYS] 2025/12/18 - 21:13:24 | ä»»åŠ¡è¿›åº¦è½®è¯¢å¼€å§‹ 
[SYS] 2025/12/18 - 21:13:24 | ä»»åŠ¡è¿›åº¦è½®è¯¢å®Œæˆ 
[SYS] 2025/12/18 - 21:13:39 | ä»»åŠ¡è¿›åº¦è½®è¯¢å¼€å§‹ 
[SYS] 2025/12/18 - 21:13:39 | ä»»åŠ¡è¿›åº¦è½®è¯¢å®Œæˆ 
[GIN] 2025/12/18 - 21:13:40 | 2025121821134042378925HtJYvkwS | 200 |     322.167Âµs |             ::1 |     GET /api/status
[SYS] 2025/12/18 - 21:13:54 | ä»»åŠ¡è¿›åº¦è½®è¯¢å¼€å§‹ 
[SYS] 2025/12/18 - 21:13:54 | ä»»åŠ¡è¿›åº¦è½®è¯¢å®Œæˆ 
[SYS] 2025/12/18 - 21:14:08 | æ­£åœ¨æ›´æ–°æ•°æ®çœ‹æ¿æ•°æ®... 
[SYS] 2025/12/18 - 21:14:08 | ä¿å­˜æ•°æ®çœ‹æ¿æ•°æ®æˆåŠŸï¼Œå…±ä¿å­˜0æ¡æ•°æ® 
[SYS] 2025/12/18 - 21:14:08 | syncing channels from database 
[SYS] 2025/12/18 - 21:14:08 | syncing options from database 
[SYS] 2025/12/18 - 21:14:08 | channels synced from database 
[SYS] 2025/12/18 - 21:14:09 | ä»»åŠ¡è¿›åº¦è½®è¯¢å¼€å§‹ 
[SYS] 2025/12/18 - 21:14:09 | ä»»åŠ¡è¿›åº¦è½®è¯¢å®Œæˆ 
[GIN] 2025/12/18 - 21:14:10 | 2025121821141092200550XG2ic7OQ | 200 |     448.958Âµs |             ::1 |     GET /api/status
[SYS] 2025/12/18 - 21:14:24 | ä»»åŠ¡è¿›åº¦è½®è¯¢å¼€å§‹ 
[SYS] 2025/12/18 - 21:14:24 | ä»»åŠ¡è¿›åº¦è½®è¯¢å®Œæˆ 
[SYS] 2025/12/18 - 21:14:39 | ä»»åŠ¡è¿›åº¦è½®è¯¢å¼€å§‹ 
[SYS] 2025/12/18 - 21:14:39 | ä»»åŠ¡è¿›åº¦è½®è¯¢å®Œæˆ 
[GIN] 2025/12/18 - 21:14:40 | 20251218211440147968300aXIQq3WI | 200 |       618.5Âµs |             ::1 |     GET /api/status
[SYS] 2025/12/18 - 21:14:54 | ä»»åŠ¡è¿›åº¦è½®è¯¢å¼€å§‹ 
[SYS] 2025/12/18 - 21:14:54 | ä»»åŠ¡è¿›åº¦è½®è¯¢å®Œæˆ 
[SYS] 2025/12/18 - 21:15:08 | syncing options from database 
[SYS] 2025/12/18 - 21:15:08 | syncing channels from database 
[SYS] 2025/12/18 - 21:15:08 | channels synced from database 
[SYS] 2025/12/18 - 21:15:09 | ä»»åŠ¡è¿›åº¦è½®è¯¢å¼€å§‹ 
[SYS] 2025/12/18 - 21:15:09 | ä»»åŠ¡è¿›åº¦è½®è¯¢å®Œæˆ 
[GIN] 2025/12/18 - 21:15:10 | 20251218211510194562508zRjQFgz1 | 200 |     333.084Âµs |             ::1 |     GET /api/status
[SYS] 2025/12/18 - 21:15:24 | ä»»åŠ¡è¿›åº¦è½®è¯¢å¼€å§‹ 
[SYS] 2025/12/18 - 21:15:24 | ä»»åŠ¡è¿›åº¦è½®è¯¢å®Œæˆ 
[SYS] 2025/12/18 - 21:15:39 | ä»»åŠ¡è¿›åº¦è½®è¯¢å¼€å§‹ 
[SYS] 2025/12/18 - 21:15:39 | ä»»åŠ¡è¿›åº¦è½®è¯¢å®Œæˆ 
[GIN] 2025/12/18 - 21:15:40 | 202512182115402454995919FLep3w9 | 200 |      685.25Âµs |             ::1 |     GET /api/status
[SYS] 2025/12/18 - 21:15:54 | ä»»åŠ¡è¿›åº¦è½®è¯¢å¼€å§‹ 
[SYS] 2025/12/18 - 21:15:54 | ä»»åŠ¡è¿›åº¦è½®è¯¢å®Œæˆ 
[SYS] 2025/12/18 - 21:16:08 | syncing options from database 
[SYS] 2025/12/18 - 21:16:08 | syncing channels from database 
[SYS] 2025/12/18 - 21:16:08 | channels synced from database 
[SYS] 2025/12/18 - 21:16:09 | ä»»åŠ¡è¿›åº¦è½®è¯¢å¼€å§‹ 
[SYS] 2025/12/18 - 21:16:09 | ä»»åŠ¡è¿›åº¦è½®è¯¢å®Œæˆ 
[GIN] 2025/12/18 - 21:16:10 | 20251218211610298680050UdBeyCsi | 200 |     750.208Âµs |             ::1 |     GET /api/status
