[SYS] 2025/12/18 - 18:05:39 | initializing token encoders 
[SYS] 2025/12/18 - 18:05:39 | token encoders initialized 
[SYS] 2025/12/18 - 18:05:39 | using PostgreSQL as database 
[SYS] 2025/12/18 - 18:05:39 | database migration started 
[SYS] 2025/12/18 - 18:05:39 | system is not initialized and no root user exists 
[SYS] 2025/12/18 - 18:05:39 | SYNC_FREQUENCY not set, use default value 60 
[SYS] 2025/12/18 - 18:05:39 | Redis is enabled 
[SYS] 2025/12/18 - 18:05:39 | New API v0.10.1-alpha.8 started 
[SYS] 2025/12/18 - 18:05:39 | memory cache enabled 
[SYS] 2025/12/18 - 18:05:39 | sync frequency: 60 seconds 
[SYS] 2025/12/18 - 18:05:39 | channels synced from database 
[SYS] 2025/12/18 - 18:05:39 | batch update enabled with interval 5s 
[SYS] 2025/12/18 - 18:05:39 | æ­£åœ¨æ›´æ–°æ•°æ®çœ‹æ¿æ•°æ®... 
[SYS] 2025/12/18 - 18:05:39 | ä¿å­˜æ•°æ®çœ‹æ¿æ•°æ®æˆåŠŸï¼Œå…±ä¿å­˜0æ¡æ•°æ® 

  [32mNew API v0.10.1-alpha.8[0m  ready in 119 ms

  âœ  [1mNetwork:[0m http://172.21.0.4:3000/

[GIN] 2025/12/18 - 18:05:53 | 202512181805532170795AiHpvsOZ | 200 |    4.995209ms |    192.168.65.1 |     GET /
[GIN] 2025/12/18 - 18:05:53 | 2025121818055365880003zeOj60Hh | 200 |    5.403708ms |    192.168.65.1 |     GET /assets/tools-Dw-DzhX6.js
[GIN] 2025/12/18 - 18:05:53 | 2025121818055365874295eYyDuY98 | 200 |    8.445708ms |    192.168.65.1 |     GET /assets/react-components-BnylIsR_.js
[GIN] 2025/12/18 - 18:05:53 | 2025121818055365717920xcNcuvny | 200 |   12.174666ms |    192.168.65.1 |     GET /assets/react-core-D-iPSUlg.js
[GIN] 2025/12/18 - 18:05:53 | 2025121818055375931753JnkvQN5B | 200 |    3.781917ms |    192.168.65.1 |     GET /assets/i18n-DGM8tT8e.js
[GIN] 2025/12/18 - 18:05:53 | 2025121818055373092795T5QnRBUx | 200 |   16.975375ms |    192.168.65.1 |     GET /assets/index-8Qdk90de.css
[GIN] 2025/12/18 - 18:05:53 | 2025121818055365813087uKqqIJZj | 200 |   25.594042ms |    192.168.65.1 |     GET /assets/semi-ui-yRXI6evF.css
[GIN] 2025/12/18 - 18:05:53 | 2025121818055365807587S2M9IxmV | 200 |    74.86625ms |    192.168.65.1 |     GET /assets/semi-ui-BBPOrBL8.js
[GIN] 2025/12/18 - 18:05:53 | 2025121818055354241295CnLt07Xx | 200 |  182.774209ms |    192.168.65.1 |     GET /assets/index-YDG5Voj3.js
[GIN] 2025/12/18 - 18:05:53 | 20251218180553357935587DjgHsinj | 200 |         299Âµs |    192.168.65.1 |     GET /logo.png
[GIN] 2025/12/18 - 18:05:53 | 202512181805533778810879iMIFgaB | 200 |     361.291Âµs |    192.168.65.1 |     GET /assets/index-B5Blu0HX.js
[GIN] 2025/12/18 - 18:05:53 | 20251218180553389621754imasB8cy | 200 |     478.708Âµs |    192.168.65.1 |     GET /api/status
[GIN] 2025/12/18 - 18:05:54 | 20251218180554123227962gnKhoDJZ | 200 |     504.875Âµs |    192.168.65.1 |     GET /setup
[GIN] 2025/12/18 - 18:05:54 | 20251218180554269376962oAdqEYIU | 200 |    1.239334ms |    192.168.65.1 |     GET /api/status
[GIN] 2025/12/18 - 18:05:54 | 20251218180554269357921u9SG5dE8 | 200 |    2.702291ms |    192.168.65.1 |     GET /api/setup
[SYS] 2025/12/18 - 18:05:54 | ä»»åŠ¡è¿›åº¦è½®è¯¢å¼€å§‹ 
[SYS] 2025/12/18 - 18:05:54 | ä»»åŠ¡è¿›åº¦è½®è¯¢å®Œæˆ 
[GIN] 2025/12/18 - 18:06:09 | 20251218180609567480636RC5oQQDx | 200 |     368.792Âµs |             ::1 |     GET /api/status
[SYS] 2025/12/18 - 18:06:09 | ä»»åŠ¡è¿›åº¦è½®è¯¢å¼€å§‹ 
[SYS] 2025/12/18 - 18:06:09 | ä»»åŠ¡è¿›åº¦è½®è¯¢å®Œæˆ 
[SYS] 2025/12/18 - 18:06:24 | ä»»åŠ¡è¿›åº¦è½®è¯¢å¼€å§‹ 
[SYS] 2025/12/18 - 18:06:24 | ä»»åŠ¡è¿›åº¦è½®è¯¢å®Œæˆ 
[GIN] 2025/12/18 - 18:06:27 | 20251218180627810732881a5PJkxzR | 200 |    70.20475ms |    192.168.65.1 |    POST /api/setup
[GIN] 2025/12/18 - 18:06:29 | 20251218180629400239631S7HEdXYi | 200 |    1.176041ms |    192.168.65.1 |     GET /setup
[GIN] 2025/12/18 - 18:06:29 | 20251218180629609219590rMn5qdBK | 200 |    1.098292ms |    192.168.65.1 |     GET /api/setup
[GIN] 2025/12/18 - 18:06:29 | 20251218180629609213965Qw1FFgfA | 200 |    2.612833ms |    192.168.65.1 |     GET /api/status
[GIN] 2025/12/18 - 18:06:29 | 20251218180629731079715CTD7OyA8 | 200 |     1.51875ms |    192.168.65.1 |     GET /
[GIN] 2025/12/18 - 18:06:29 | 20251218180629856233715xRjlbztc | 200 |    1.541416ms |    192.168.65.1 |     GET /api/status
[GIN] 2025/12/18 - 18:06:30 | 20251218180630108312923ZhT4yNyd | 200 |     1.29275ms |    192.168.65.1 |     GET /api/notice
[GIN] 2025/12/18 - 18:06:30 | 20251218180630108334632xyLwDJo9 | 200 |    1.534959ms |    192.168.65.1 |     GET /api/home_page_content
[GIN] 2025/12/18 - 18:06:37 | 20251218180636947887802FXk3eDW7 | 200 |   81.501791ms |    192.168.65.1 |    POST /api/user/login?turnstile=
[GIN] 2025/12/18 - 18:06:37 | 2025121818063794195635op0r0diU | 200 |       3.545ms |    192.168.65.1 |     GET /assets/IllustrationConstruction-BfOYqVqj.js
[GIN] 2025/12/18 - 18:06:37 | 20251218180637942808852oMvYLAV | 200 |    4.928291ms |    192.168.65.1 |     GET /api/user/self
[GIN] 2025/12/18 - 18:06:37 | 2025121818063781876260qZyD2VEB | 200 |   57.435542ms |    192.168.65.1 |     GET /assets/index-CNU9kkAx.js
[GIN] 2025/12/18 - 18:06:37 | 20251218180637177182593cBBsqYcE | 200 |     1.42775ms |    192.168.65.1 |     GET /api/user/self
[GIN] 2025/12/18 - 18:06:37 | 20251218180637178034343U6dse6P1 | 200 |       2.559ms |    192.168.65.1 |     GET /api/data/?username=&start_timestamp=1765965997&end_timestamp=1766055997&default_time=hour
[GIN] 2025/12/18 - 18:06:37 | 20251218180637218863718wAAgvsV8 | 200 |       789.5Âµs |    192.168.65.1 |     GET /api/uptime/status
[GIN] 2025/12/18 - 18:06:39 | 20251218180639605064303Bv8seQAR | 200 |         532Âµs |             ::1 |     GET /api/status
[SYS] 2025/12/18 - 18:06:39 | syncing channels from database 
[SYS] 2025/12/18 - 18:06:39 | syncing options from database 
[SYS] 2025/12/18 - 18:06:39 | channels synced from database 
[SYS] 2025/12/18 - 18:06:39 | ä»»åŠ¡è¿›åº¦è½®è¯¢å¼€å§‹ 
[SYS] 2025/12/18 - 18:06:39 | ä»»åŠ¡è¿›åº¦è½®è¯¢å®Œæˆ 
[SYS] 2025/12/18 - 18:06:54 | ä»»åŠ¡è¿›åº¦è½®è¯¢å¼€å§‹ 
[SYS] 2025/12/18 - 18:06:54 | ä»»åŠ¡è¿›åº¦è½®è¯¢å®Œæˆ 
[GIN] 2025/12/18 - 18:07:09 | 20251218180709663370511VvK9IrZR | 200 |         481Âµs |             ::1 |     GET /api/status
[SYS] 2025/12/18 - 18:07:09 | ä»»åŠ¡è¿›åº¦è½®è¯¢å¼€å§‹ 
[SYS] 2025/12/18 - 18:07:09 | ä»»åŠ¡è¿›åº¦è½®è¯¢å®Œæˆ 
[SYS] 2025/12/18 - 18:07:24 | ä»»åŠ¡è¿›åº¦è½®è¯¢å¼€å§‹ 
[SYS] 2025/12/18 - 18:07:24 | ä»»åŠ¡è¿›åº¦è½®è¯¢å®Œæˆ 
[SYS] 2025/12/18 - 18:07:39 | syncing channels from database 
[SYS] 2025/12/18 - 18:07:39 | syncing options from database 
[SYS] 2025/12/18 - 18:07:39 | channels synced from database 
[SYS] 2025/12/18 - 18:07:39 | ä»»åŠ¡è¿›åº¦è½®è¯¢å¼€å§‹ 
[SYS] 2025/12/18 - 18:07:39 | ä»»åŠ¡è¿›åº¦è½®è¯¢å®Œæˆ 
[GIN] 2025/12/18 - 18:07:39 | 20251218180739715787761BZnDxEFI | 200 |     494.583Âµs |             ::1 |     GET /api/status
[SYS] 2025/12/18 - 18:07:54 | ä»»åŠ¡è¿›åº¦è½®è¯¢å¼€å§‹ 
[SYS] 2025/12/18 - 18:07:54 | ä»»åŠ¡è¿›åº¦è½®è¯¢å®Œæˆ 
[SYS] 2025/12/18 - 18:08:09 | ä»»åŠ¡è¿›åº¦è½®è¯¢å¼€å§‹ 
[SYS] 2025/12/18 - 18:08:09 | ä»»åŠ¡è¿›åº¦è½®è¯¢å®Œæˆ 
[GIN] 2025/12/18 - 18:08:09 | 20251218180809766200678DhjuA1qf | 200 |     632.083Âµs |             ::1 |     GET /api/status
[SYS] 2025/12/18 - 18:08:24 | ä»»åŠ¡è¿›åº¦è½®è¯¢å¼€å§‹ 
[SYS] 2025/12/18 - 18:08:24 | ä»»åŠ¡è¿›åº¦è½®è¯¢å®Œæˆ 
[SYS] 2025/12/18 - 18:08:39 | syncing channels from database 
[SYS] 2025/12/18 - 18:08:39 | channels synced from database 
[SYS] 2025/12/18 - 18:08:39 | syncing options from database 
[SYS] 2025/12/18 - 18:08:39 | ä»»åŠ¡è¿›åº¦è½®è¯¢å¼€å§‹ 
[SYS] 2025/12/18 - 18:08:39 | ä»»åŠ¡è¿›åº¦è½®è¯¢å®Œæˆ 
[GIN] 2025/12/18 - 18:08:39 | 20251218180839816800053yQiNG165 | 200 |     601.833Âµs |             ::1 |     GET /api/status
[SYS] 2025/12/18 - 18:08:54 | ä»»åŠ¡è¿›åº¦è½®è¯¢å¼€å§‹ 
[SYS] 2025/12/18 - 18:08:54 | ä»»åŠ¡è¿›åº¦è½®è¯¢å®Œæˆ 
[SYS] 2025/12/18 - 18:09:09 | ä»»åŠ¡è¿›åº¦è½®è¯¢å¼€å§‹ 
[SYS] 2025/12/18 - 18:09:09 | ä»»åŠ¡è¿›åº¦è½®è¯¢å®Œæˆ 
[GIN] 2025/12/18 - 18:09:09 | 20251218180909869604261VqXmd6rK | 200 |     621.334Âµs |             ::1 |     GET /api/status
[SYS] 2025/12/18 - 18:09:24 | ä»»åŠ¡è¿›åº¦è½®è¯¢å¼€å§‹ 
[SYS] 2025/12/18 - 18:09:24 | ä»»åŠ¡è¿›åº¦è½®è¯¢å®Œæˆ 
[SYS] 2025/12/18 - 18:09:39 | syncing channels from database 
[SYS] 2025/12/18 - 18:09:39 | channels synced from database 
[SYS] 2025/12/18 - 18:09:39 | syncing options from database 
[SYS] 2025/12/18 - 18:09:39 | ä»»åŠ¡è¿›åº¦è½®è¯¢å¼€å§‹ 
[SYS] 2025/12/18 - 18:09:39 | ä»»åŠ¡è¿›åº¦è½®è¯¢å®Œæˆ 
[GIN] 2025/12/18 - 18:09:39 | 20251218180939925052178e0Tejc4x | 200 |     472.375Âµs |             ::1 |     GET /api/status
[SYS] 2025/12/18 - 18:09:54 | ä»»åŠ¡è¿›åº¦è½®è¯¢å¼€å§‹ 
[SYS] 2025/12/18 - 18:09:54 | ä»»åŠ¡è¿›åº¦è½®è¯¢å®Œæˆ 
[SYS] 2025/12/18 - 18:10:09 | ä»»åŠ¡è¿›åº¦è½®è¯¢å¼€å§‹ 
[SYS] 2025/12/18 - 18:10:09 | ä»»åŠ¡è¿›åº¦è½®è¯¢å®Œæˆ 
[GIN] 2025/12/18 - 18:10:09 | 20251218181009973285011xNTVE3SW | 200 |    1.397416ms |             ::1 |     GET /api/status
[SYS] 2025/12/18 - 18:10:24 | ä»»åŠ¡è¿›åº¦è½®è¯¢å¼€å§‹ 
[SYS] 2025/12/18 - 18:10:24 | ä»»åŠ¡è¿›åº¦è½®è¯¢å®Œæˆ 
[GIN] 2025/12/18 - 18:10:27 | 20251218181027423641302QuLT9o0 | 200 |    2.925959ms |    192.168.65.1 |     GET /api/user/logout
[SYS] 2025/12/18 - 18:10:39 | æ­£åœ¨æ›´æ–°æ•°æ®çœ‹æ¿æ•°æ®... 
[SYS] 2025/12/18 - 18:10:39 | ä¿å­˜æ•°æ®çœ‹æ¿æ•°æ®æˆåŠŸï¼Œå…±ä¿å­˜0æ¡æ•°æ® 
[SYS] 2025/12/18 - 18:10:39 | syncing channels from database 
[SYS] 2025/12/18 - 18:10:39 | syncing options from database 
[SYS] 2025/12/18 - 18:10:39 | channels synced from database 
[SYS] 2025/12/18 - 18:10:39 | ä»»åŠ¡è¿›åº¦è½®è¯¢å¼€å§‹ 
[SYS] 2025/12/18 - 18:10:39 | ä»»åŠ¡è¿›åº¦è½®è¯¢å®Œæˆ 
[GIN] 2025/12/18 - 18:10:40 | 20251218181040215193457bwVzipj | 200 |     545.792Âµs |             ::1 |     GET /api/status
[SYS] 2025/12/18 - 18:10:54 | ä»»åŠ¡è¿›åº¦è½®è¯¢å¼€å§‹ 
[SYS] 2025/12/18 - 18:10:54 | ä»»åŠ¡è¿›åº¦è½®è¯¢å®Œæˆ 
[SYS] 2025/12/18 - 18:11:09 | ä»»åŠ¡è¿›åº¦è½®è¯¢å¼€å§‹ 
[SYS] 2025/12/18 - 18:11:09 | ä»»åŠ¡è¿›åº¦è½®è¯¢å®Œæˆ 
[GIN] 2025/12/18 - 18:11:10 | 2025121818111081205053NqZEWyOQ | 200 |      533.25Âµs |             ::1 |     GET /api/status
[SYS] 2025/12/18 - 18:11:24 | ä»»åŠ¡è¿›åº¦è½®è¯¢å¼€å§‹ 
[SYS] 2025/12/18 - 18:11:24 | ä»»åŠ¡è¿›åº¦è½®è¯¢å®Œæˆ 
[SYS] 2025/12/18 - 18:11:39 | syncing options from database 
[SYS] 2025/12/18 - 18:11:39 | syncing channels from database 
[SYS] 2025/12/18 - 18:11:39 | channels synced from database 
[SYS] 2025/12/18 - 18:11:39 | ä»»åŠ¡è¿›åº¦è½®è¯¢å¼€å§‹ 
[SYS] 2025/12/18 - 18:11:39 | ä»»åŠ¡è¿›åº¦è½®è¯¢å®Œæˆ 
[GIN] 2025/12/18 - 18:11:40 | 20251218181140141657511DNFjClli | 200 |     601.875Âµs |             ::1 |     GET /api/status
[SYS] 2025/12/18 - 18:11:54 | ä»»åŠ¡è¿›åº¦è½®è¯¢å¼€å§‹ 
[SYS] 2025/12/18 - 18:11:54 | ä»»åŠ¡è¿›åº¦è½®è¯¢å®Œæˆ 
[SYS] 2025/12/18 - 18:12:09 | ä»»åŠ¡è¿›åº¦è½®è¯¢å¼€å§‹ 
[SYS] 2025/12/18 - 18:12:09 | ä»»åŠ¡è¿›åº¦è½®è¯¢å®Œæˆ 
[GIN] 2025/12/18 - 18:12:10 | 20251218181210201814011HEz4Rj2o | 200 |     706.291Âµs |             ::1 |     GET /api/status
[SYS] 2025/12/18 - 18:12:24 | ä»»åŠ¡è¿›åº¦è½®è¯¢å¼€å§‹ 
[SYS] 2025/12/18 - 18:12:24 | ä»»åŠ¡è¿›åº¦è½®è¯¢å®Œæˆ 
[SYS] 2025/12/18 - 18:12:39 | syncing options from database 
[SYS] 2025/12/18 - 18:12:39 | syncing channels from database 
[SYS] 2025/12/18 - 18:12:39 | channels synced from database 
[SYS] 2025/12/18 - 18:12:39 | ä»»åŠ¡è¿›åº¦è½®è¯¢å¼€å§‹ 
[SYS] 2025/12/18 - 18:12:39 | ä»»åŠ¡è¿›åº¦è½®è¯¢å®Œæˆ 
[GIN] 2025/12/18 - 18:12:40 | 20251218181240260069595cvv8CGGs | 200 |     308.042Âµs |             ::1 |     GET /api/status
[SYS] 2025/12/18 - 18:12:54 | ä»»åŠ¡è¿›åº¦è½®è¯¢å¼€å§‹ 
[SYS] 2025/12/18 - 18:12:54 | ä»»åŠ¡è¿›åº¦è½®è¯¢å®Œæˆ 
[SYS] 2025/12/18 - 18:13:09 | ä»»åŠ¡è¿›åº¦è½®è¯¢å¼€å§‹ 
[SYS] 2025/12/18 - 18:13:09 | ä»»åŠ¡è¿›åº¦è½®è¯¢å®Œæˆ 
[GIN] 2025/12/18 - 18:13:10 | 20251218181310316883803h1daAktb | 200 |     469.292Âµs |             ::1 |     GET /api/status
[SYS] 2025/12/18 - 18:13:24 | ä»»åŠ¡è¿›åº¦è½®è¯¢å¼€å§‹ 
[SYS] 2025/12/18 - 18:13:24 | ä»»åŠ¡è¿›åº¦è½®è¯¢å®Œæˆ 
[SYS] 2025/12/18 - 18:13:39 | syncing channels from database 
[SYS] 2025/12/18 - 18:13:39 | syncing options from database 
[SYS] 2025/12/18 - 18:13:39 | channels synced from database 
[SYS] 2025/12/18 - 18:13:39 | ä»»åŠ¡è¿›åº¦è½®è¯¢å¼€å§‹ 
[SYS] 2025/12/18 - 18:13:39 | ä»»åŠ¡è¿›åº¦è½®è¯¢å®Œæˆ 
[GIN] 2025/12/18 - 18:13:40 | 202512181813403606282621inghfi1 | 200 |     558.333Âµs |             ::1 |     GET /api/status
[SYS] 2025/12/18 - 18:13:54 | ä»»åŠ¡è¿›åº¦è½®è¯¢å¼€å§‹ 
[SYS] 2025/12/18 - 18:13:54 | ä»»åŠ¡è¿›åº¦è½®è¯¢å®Œæˆ 
[SYS] 2025/12/18 - 18:14:09 | ä»»åŠ¡è¿›åº¦è½®è¯¢å¼€å§‹ 
[SYS] 2025/12/18 - 18:14:09 | ä»»åŠ¡è¿›åº¦è½®è¯¢å®Œæˆ 
[GIN] 2025/12/18 - 18:14:10 | 20251218181410419572012mzzK0Qc3 | 200 |    1.236375ms |             ::1 |     GET /api/status
[SYS] 2025/12/18 - 18:14:24 | ä»»åŠ¡è¿›åº¦è½®è¯¢å¼€å§‹ 
[SYS] 2025/12/18 - 18:14:24 | ä»»åŠ¡è¿›åº¦è½®è¯¢å®Œæˆ 
[SYS] 2025/12/18 - 18:14:39 | syncing options from database 
[SYS] 2025/12/18 - 18:14:39 | syncing channels from database 
[SYS] 2025/12/18 - 18:14:39 | channels synced from database 
[SYS] 2025/12/18 - 18:14:39 | ä»»åŠ¡è¿›åº¦è½®è¯¢å¼€å§‹ 
[SYS] 2025/12/18 - 18:14:39 | ä»»åŠ¡è¿›åº¦è½®è¯¢å®Œæˆ 
[GIN] 2025/12/18 - 18:14:40 | 20251218181440481409553UHxCPYda | 200 |     863.125Âµs |             ::1 |     GET /api/status
[SYS] 2025/12/18 - 18:14:54 | ä»»åŠ¡è¿›åº¦è½®è¯¢å¼€å§‹ 
[SYS] 2025/12/18 - 18:14:54 | ä»»åŠ¡è¿›åº¦è½®è¯¢å®Œæˆ 
[SYS] 2025/12/18 - 18:15:09 | ä»»åŠ¡è¿›åº¦è½®è¯¢å¼€å§‹ 
[SYS] 2025/12/18 - 18:15:09 | ä»»åŠ¡è¿›åº¦è½®è¯¢å®Œæˆ 
[GIN] 2025/12/18 - 18:15:10 | 20251218181510532887137UvgljgJw | 200 |         701Âµs |             ::1 |     GET /api/status
[SYS] 2025/12/18 - 18:15:24 | ä»»åŠ¡è¿›åº¦è½®è¯¢å¼€å§‹ 
[SYS] 2025/12/18 - 18:15:24 | ä»»åŠ¡è¿›åº¦è½®è¯¢å®Œæˆ 
[SYS] 2025/12/18 - 18:15:39 | æ­£åœ¨æ›´æ–°æ•°æ®çœ‹æ¿æ•°æ®... 
[SYS] 2025/12/18 - 18:15:39 | ä¿å­˜æ•°æ®çœ‹æ¿æ•°æ®æˆåŠŸï¼Œå…±ä¿å­˜0æ¡æ•°æ® 
[SYS] 2025/12/18 - 18:15:39 | syncing options from database 
[SYS] 2025/12/18 - 18:15:39 | syncing channels from database 
[SYS] 2025/12/18 - 18:15:39 | channels synced from database 
[SYS] 2025/12/18 - 18:15:39 | ä»»åŠ¡è¿›åº¦è½®è¯¢å¼€å§‹ 
[SYS] 2025/12/18 - 18:15:39 | ä»»åŠ¡è¿›åº¦è½®è¯¢å®Œæˆ 
[GIN] 2025/12/18 - 18:15:40 | 20251218181540586326762egdXuQtf | 200 |     634.292Âµs |             ::1 |     GET /api/status
[SYS] 2025/12/18 - 18:15:54 | ä»»åŠ¡è¿›åº¦è½®è¯¢å¼€å§‹ 
[SYS] 2025/12/18 - 18:15:54 | ä»»åŠ¡è¿›åº¦è½®è¯¢å®Œæˆ 
[SYS] 2025/12/18 - 18:16:09 | ä»»åŠ¡è¿›åº¦è½®è¯¢å¼€å§‹ 
[SYS] 2025/12/18 - 18:16:10 | ä»»åŠ¡è¿›åº¦è½®è¯¢å®Œæˆ 
[GIN] 2025/12/18 - 18:16:10 | 20251218181610635645887FyH8w5Yd | 200 |     685.334Âµs |             ::1 |     GET /api/status
[SYS] 2025/12/18 - 18:16:25 | ä»»åŠ¡è¿›åº¦è½®è¯¢å¼€å§‹ 
[SYS] 2025/12/18 - 18:16:25 | ä»»åŠ¡è¿›åº¦è½®è¯¢å®Œæˆ 
[SYS] 2025/12/18 - 18:16:39 | syncing channels from database 
[SYS] 2025/12/18 - 18:16:39 | syncing options from database 
[SYS] 2025/12/18 - 18:16:39 | channels synced from database 
[SYS] 2025/12/18 - 18:16:40 | ä»»åŠ¡è¿›åº¦è½®è¯¢å¼€å§‹ 
[SYS] 2025/12/18 - 18:16:40 | ä»»åŠ¡è¿›åº¦è½®è¯¢å®Œæˆ 
[GIN] 2025/12/18 - 18:16:40 | 20251218181640690084720g2RW0jcV | 200 |     626.666Âµs |             ::1 |     GET /api/status
[SYS] 2025/12/18 - 18:16:55 | ä»»åŠ¡è¿›åº¦è½®è¯¢å¼€å§‹ 
[SYS] 2025/12/18 - 18:16:55 | ä»»åŠ¡è¿›åº¦è½®è¯¢å®Œæˆ 
[SYS] 2025/12/18 - 18:17:10 | ä»»åŠ¡è¿›åº¦è½®è¯¢å¼€å§‹ 
[SYS] 2025/12/18 - 18:17:10 | ä»»åŠ¡è¿›åº¦è½®è¯¢å®Œæˆ 
[GIN] 2025/12/18 - 18:17:10 | 202512181817107429016376jX2KEfh | 200 |     642.208Âµs |             ::1 |     GET /api/status
[SYS] 2025/12/18 - 18:17:25 | ä»»åŠ¡è¿›åº¦è½®è¯¢å¼€å§‹ 
[SYS] 2025/12/18 - 18:17:25 | ä»»åŠ¡è¿›åº¦è½®è¯¢å®Œæˆ 
[SYS] 2025/12/18 - 18:17:39 | syncing options from database 
[SYS] 2025/12/18 - 18:17:39 | syncing channels from database 
[SYS] 2025/12/18 - 18:17:39 | channels synced from database 
[SYS] 2025/12/18 - 18:17:40 | ä»»åŠ¡è¿›åº¦è½®è¯¢å¼€å§‹ 
[SYS] 2025/12/18 - 18:17:40 | ä»»åŠ¡è¿›åº¦è½®è¯¢å®Œæˆ 
[GIN] 2025/12/18 - 18:17:40 | 20251218181740781561053YgtionFD | 200 |     639.959Âµs |             ::1 |     GET /api/status
[SYS] 2025/12/18 - 18:17:55 | ä»»åŠ¡è¿›åº¦è½®è¯¢å¼€å§‹ 
[SYS] 2025/12/18 - 18:17:55 | ä»»åŠ¡è¿›åº¦è½®è¯¢å®Œæˆ 
[SYS] 2025/12/18 - 18:18:10 | ä»»åŠ¡è¿›åº¦è½®è¯¢å¼€å§‹ 
[SYS] 2025/12/18 - 18:18:10 | ä»»åŠ¡è¿›åº¦è½®è¯¢å®Œæˆ 
[GIN] 2025/12/18 - 18:18:10 | 20251218181810838939262vOjqUlhT | 200 |     601.417Âµs |             ::1 |     GET /api/status
[SYS] 2025/12/18 - 18:18:25 | ä»»åŠ¡è¿›åº¦è½®è¯¢å¼€å§‹ 
[SYS] 2025/12/18 - 18:18:25 | ä»»åŠ¡è¿›åº¦è½®è¯¢å®Œæˆ 
[SYS] 2025/12/18 - 18:18:39 | syncing options from database 
[SYS] 2025/12/18 - 18:18:39 | syncing channels from database 
[SYS] 2025/12/18 - 18:18:39 | channels synced from database 
[SYS] 2025/12/18 - 18:18:40 | ä»»åŠ¡è¿›åº¦è½®è¯¢å¼€å§‹ 
[SYS] 2025/12/18 - 18:18:40 | ä»»åŠ¡è¿›åº¦è½®è¯¢å®Œæˆ 
[GIN] 2025/12/18 - 18:18:40 | 202512181818408912578030zCH5Ekd | 200 |     515.292Âµs |             ::1 |     GET /api/status
[SYS] 2025/12/18 - 18:18:55 | ä»»åŠ¡è¿›åº¦è½®è¯¢å¼€å§‹ 
[SYS] 2025/12/18 - 18:18:55 | ä»»åŠ¡è¿›åº¦è½®è¯¢å®Œæˆ 
[SYS] 2025/12/18 - 18:19:10 | ä»»åŠ¡è¿›åº¦è½®è¯¢å¼€å§‹ 
[SYS] 2025/12/18 - 18:19:10 | ä»»åŠ¡è¿›åº¦è½®è¯¢å®Œæˆ 
[GIN] 2025/12/18 - 18:19:10 | 20251218181910941671178W6qeO6o8 | 200 |     275.833Âµs |             ::1 |     GET /api/status
[SYS] 2025/12/18 - 18:19:25 | ä»»åŠ¡è¿›åº¦è½®è¯¢å¼€å§‹ 
[SYS] 2025/12/18 - 18:19:25 | ä»»åŠ¡è¿›åº¦è½®è¯¢å®Œæˆ 
[SYS] 2025/12/18 - 18:19:39 | syncing channels from database 
[SYS] 2025/12/18 - 18:19:39 | syncing options from database 
[SYS] 2025/12/18 - 18:19:39 | channels synced from database 
[SYS] 2025/12/18 - 18:19:40 | ä»»åŠ¡è¿›åº¦è½®è¯¢å¼€å§‹ 
[SYS] 2025/12/18 - 18:19:40 | ä»»åŠ¡è¿›åº¦è½®è¯¢å®Œæˆ 
[GIN] 2025/12/18 - 18:19:41 | 202512181819419784887EJPovRG7 | 200 |     1.34875ms |             ::1 |     GET /api/status
[SYS] 2025/12/18 - 18:19:55 | ä»»åŠ¡è¿›åº¦è½®è¯¢å¼€å§‹ 
[SYS] 2025/12/18 - 18:19:55 | ä»»åŠ¡è¿›åº¦è½®è¯¢å®Œæˆ 
[SYS] 2025/12/18 - 18:20:10 | ä»»åŠ¡è¿›åº¦è½®è¯¢å¼€å§‹ 
[SYS] 2025/12/18 - 18:20:10 | ä»»åŠ¡è¿›åº¦è½®è¯¢å®Œæˆ 
[GIN] 2025/12/18 - 18:20:11 | 2025121818201160901012rb1Cgy5T | 200 |      651.75Âµs |             ::1 |     GET /api/status
[SYS] 2025/12/18 - 18:20:25 | ä»»åŠ¡è¿›åº¦è½®è¯¢å¼€å§‹ 
[SYS] 2025/12/18 - 18:20:25 | ä»»åŠ¡è¿›åº¦è½®è¯¢å®Œæˆ 
[SYS] 2025/12/18 - 18:20:39 | æ­£åœ¨æ›´æ–°æ•°æ®çœ‹æ¿æ•°æ®... 
[SYS] 2025/12/18 - 18:20:39 | ä¿å­˜æ•°æ®çœ‹æ¿æ•°æ®æˆåŠŸï¼Œå…±ä¿å­˜0æ¡æ•°æ® 
[SYS] 2025/12/18 - 18:20:39 | syncing options from database 
[SYS] 2025/12/18 - 18:20:39 | syncing channels from database 
[SYS] 2025/12/18 - 18:20:39 | channels synced from database 
[SYS] 2025/12/18 - 18:20:40 | ä»»åŠ¡è¿›åº¦è½®è¯¢å¼€å§‹ 
[SYS] 2025/12/18 - 18:20:40 | ä»»åŠ¡è¿›åº¦è½®è¯¢å®Œæˆ 
[GIN] 2025/12/18 - 18:20:41 | 2025121818204111144542972i24QXG | 200 |     636.333Âµs |             ::1 |     GET /api/status
[SYS] 2025/12/18 - 18:20:55 | ä»»åŠ¡è¿›åº¦è½®è¯¢å¼€å§‹ 
[SYS] 2025/12/18 - 18:20:55 | ä»»åŠ¡è¿›åº¦è½®è¯¢å®Œæˆ 
[SYS] 2025/12/18 - 18:21:10 | ä»»åŠ¡è¿›åº¦è½®è¯¢å¼€å§‹ 
[SYS] 2025/12/18 - 18:21:10 | ä»»åŠ¡è¿›åº¦è½®è¯¢å®Œæˆ 
[GIN] 2025/12/18 - 18:21:11 | 20251218182111165439470ZVgBwAfK | 200 |     630.167Âµs |             ::1 |     GET /api/status
[SYS] 2025/12/18 - 18:21:25 | ä»»åŠ¡è¿›åº¦è½®è¯¢å¼€å§‹ 
[SYS] 2025/12/18 - 18:21:25 | ä»»åŠ¡è¿›åº¦è½®è¯¢å®Œæˆ 
[SYS] 2025/12/18 - 18:21:39 | syncing channels from database 
[SYS] 2025/12/18 - 18:21:39 | syncing options from database 
[SYS] 2025/12/18 - 18:21:39 | channels synced from database 
[SYS] 2025/12/18 - 18:21:40 | ä»»åŠ¡è¿›åº¦è½®è¯¢å¼€å§‹ 
[SYS] 2025/12/18 - 18:21:40 | ä»»åŠ¡è¿›åº¦è½®è¯¢å®Œæˆ 
[GIN] 2025/12/18 - 18:21:41 | 20251218182141221971637j8msPmq3 | 200 |     542.958Âµs |             ::1 |     GET /api/status
[SYS] 2025/12/18 - 18:21:55 | ä»»åŠ¡è¿›åº¦è½®è¯¢å¼€å§‹ 
[SYS] 2025/12/18 - 18:21:55 | ä»»åŠ¡è¿›åº¦è½®è¯¢å®Œæˆ 
[SYS] 2025/12/18 - 18:22:10 | ä»»åŠ¡è¿›åº¦è½®è¯¢å¼€å§‹ 
[SYS] 2025/12/18 - 18:22:10 | ä»»åŠ¡è¿›åº¦è½®è¯¢å®Œæˆ 
[GIN] 2025/12/18 - 18:22:11 | 20251218182211277522304Xu8XMgs5 | 200 |     706.542Âµs |             ::1 |     GET /api/status
[SYS] 2025/12/18 - 18:22:25 | ä»»åŠ¡è¿›åº¦è½®è¯¢å¼€å§‹ 
[SYS] 2025/12/18 - 18:22:25 | ä»»åŠ¡è¿›åº¦è½®è¯¢å®Œæˆ 
[SYS] 2025/12/18 - 18:22:39 | syncing options from database 
[SYS] 2025/12/18 - 18:22:39 | syncing channels from database 
[SYS] 2025/12/18 - 18:22:39 | channels synced from database 
[SYS] 2025/12/18 - 18:22:40 | ä»»åŠ¡è¿›åº¦è½®è¯¢å¼€å§‹ 
[SYS] 2025/12/18 - 18:22:40 | ä»»åŠ¡è¿›åº¦è½®è¯¢å®Œæˆ 
[GIN] 2025/12/18 - 18:22:41 | 202512181822413407780955hte66TL | 200 |     888.709Âµs |             ::1 |     GET /api/status
[SYS] 2025/12/18 - 18:22:55 | ä»»åŠ¡è¿›åº¦è½®è¯¢å¼€å§‹ 
[SYS] 2025/12/18 - 18:22:55 | ä»»åŠ¡è¿›åº¦è½®è¯¢å®Œæˆ 
[SYS] 2025/12/18 - 18:23:10 | ä»»åŠ¡è¿›åº¦è½®è¯¢å¼€å§‹ 
[SYS] 2025/12/18 - 18:23:10 | ä»»åŠ¡è¿›åº¦è½®è¯¢å®Œæˆ 
[GIN] 2025/12/18 - 18:23:11 | 20251218182311395359304GdFJ1BK5 | 200 |     660.542Âµs |             ::1 |     GET /api/status
[SYS] 2025/12/18 - 18:23:25 | ä»»åŠ¡è¿›åº¦è½®è¯¢å¼€å§‹ 
[SYS] 2025/12/18 - 18:23:25 | ä»»åŠ¡è¿›åº¦è½®è¯¢å®Œæˆ 
[SYS] 2025/12/18 - 18:23:39 | syncing options from database 
[SYS] 2025/12/18 - 18:23:39 | syncing channels from database 
[SYS] 2025/12/18 - 18:23:39 | channels synced from database 
[SYS] 2025/12/18 - 18:23:40 | ä»»åŠ¡è¿›åº¦è½®è¯¢å¼€å§‹ 
[SYS] 2025/12/18 - 18:23:40 | ä»»åŠ¡è¿›åº¦è½®è¯¢å®Œæˆ 
[GIN] 2025/12/18 - 18:23:41 | 20251218182341441531262SYe7FtwO | 200 |         364Âµs |             ::1 |     GET /api/status
[SYS] 2025/12/18 - 18:23:55 | ä»»åŠ¡è¿›åº¦è½®è¯¢å¼€å§‹ 
[SYS] 2025/12/18 - 18:23:55 | ä»»åŠ¡è¿›åº¦è½®è¯¢å®Œæˆ 
[SYS] 2025/12/18 - 18:24:10 | ä»»åŠ¡è¿›åº¦è½®è¯¢å¼€å§‹ 
[SYS] 2025/12/18 - 18:24:10 | ä»»åŠ¡è¿›åº¦è½®è¯¢å®Œæˆ 
[GIN] 2025/12/18 - 18:24:11 | 20251218182411485576804MDDP1f4h | 200 |     843.375Âµs |             ::1 |     GET /api/status
[SYS] 2025/12/18 - 18:24:25 | ä»»åŠ¡è¿›åº¦è½®è¯¢å¼€å§‹ 
[SYS] 2025/12/18 - 18:24:25 | ä»»åŠ¡è¿›åº¦è½®è¯¢å®Œæˆ 
[SYS] 2025/12/18 - 18:24:39 | syncing channels from database 
[SYS] 2025/12/18 - 18:24:39 | syncing options from database 
[SYS] 2025/12/18 - 18:24:39 | channels synced from database 
[SYS] 2025/12/18 - 18:24:40 | ä»»åŠ¡è¿›åº¦è½®è¯¢å¼€å§‹ 
[SYS] 2025/12/18 - 18:24:40 | ä»»åŠ¡è¿›åº¦è½®è¯¢å®Œæˆ 
[GIN] 2025/12/18 - 18:24:41 | 202512181824415565853042t9Q0lud | 200 |       860.5Âµs |             ::1 |     GET /api/status
[SYS] 2025/12/18 - 18:24:55 | ä»»åŠ¡è¿›åº¦è½®è¯¢å¼€å§‹ 
[SYS] 2025/12/18 - 18:24:55 | ä»»åŠ¡è¿›åº¦è½®è¯¢å®Œæˆ 
[SYS] 2025/12/18 - 18:25:10 | ä»»åŠ¡è¿›åº¦è½®è¯¢å¼€å§‹ 
[SYS] 2025/12/18 - 18:25:10 | ä»»åŠ¡è¿›åº¦è½®è¯¢å®Œæˆ 
[GIN] 2025/12/18 - 18:25:11 | 20251218182511609897554eos0rGyY | 200 |     548.791Âµs |             ::1 |     GET /api/status
[SYS] 2025/12/18 - 18:25:25 | ä»»åŠ¡è¿›åº¦è½®è¯¢å¼€å§‹ 
[SYS] 2025/12/18 - 18:25:25 | ä»»åŠ¡è¿›åº¦è½®è¯¢å®Œæˆ 
[SYS] 2025/12/18 - 18:25:39 | æ­£åœ¨æ›´æ–°æ•°æ®çœ‹æ¿æ•°æ®... 
[SYS] 2025/12/18 - 18:25:39 | ä¿å­˜æ•°æ®çœ‹æ¿æ•°æ®æˆåŠŸï¼Œå…±ä¿å­˜0æ¡æ•°æ® 
[SYS] 2025/12/18 - 18:25:39 | syncing options from database 
[SYS] 2025/12/18 - 18:25:39 | syncing channels from database 
[SYS] 2025/12/18 - 18:25:39 | channels synced from database 
[SYS] 2025/12/18 - 18:25:40 | ä»»åŠ¡è¿›åº¦è½®è¯¢å¼€å§‹ 
[SYS] 2025/12/18 - 18:25:40 | ä»»åŠ¡è¿›åº¦è½®è¯¢å®Œæˆ 
[GIN] 2025/12/18 - 18:25:41 | 20251218182541672597554YFQjdH0j | 200 |     682.042Âµs |             ::1 |     GET /api/status
[SYS] 2025/12/18 - 18:25:55 | ä»»åŠ¡è¿›åº¦è½®è¯¢å¼€å§‹ 
[SYS] 2025/12/18 - 18:25:55 | ä»»åŠ¡è¿›åº¦è½®è¯¢å®Œæˆ 
[SYS] 2025/12/18 - 18:26:10 | ä»»åŠ¡è¿›åº¦è½®è¯¢å¼€å§‹ 
[SYS] 2025/12/18 - 18:26:10 | ä»»åŠ¡è¿›åº¦è½®è¯¢å®Œæˆ 
[GIN] 2025/12/18 - 18:26:11 | 20251218182611721914220pyMm08jz | 200 |      696.75Âµs |             ::1 |     GET /api/status
[SYS] 2025/12/18 - 18:26:25 | ä»»åŠ¡è¿›åº¦è½®è¯¢å¼€å§‹ 
[SYS] 2025/12/18 - 18:26:25 | ä»»åŠ¡è¿›åº¦è½®è¯¢å®Œæˆ 
[SYS] 2025/12/18 - 18:26:39 | syncing channels from database 
[SYS] 2025/12/18 - 18:26:39 | syncing options from database 
[SYS] 2025/12/18 - 18:26:39 | channels synced from database 
[SYS] 2025/12/18 - 18:26:40 | ä»»åŠ¡è¿›åº¦è½®è¯¢å¼€å§‹ 
[SYS] 2025/12/18 - 18:26:40 | ä»»åŠ¡è¿›åº¦è½®è¯¢å®Œæˆ 
[GIN] 2025/12/18 - 18:26:41 | 20251218182641777918554qeDrae8D | 200 |         593Âµs |             ::1 |     GET /api/status
[SYS] 2025/12/18 - 18:26:55 | ä»»åŠ¡è¿›åº¦è½®è¯¢å¼€å§‹ 
[SYS] 2025/12/18 - 18:26:55 | ä»»åŠ¡è¿›åº¦è½®è¯¢å®Œæˆ 
[SYS] 2025/12/18 - 18:27:10 | ä»»åŠ¡è¿›åº¦è½®è¯¢å¼€å§‹ 
[SYS] 2025/12/18 - 18:27:10 | ä»»åŠ¡è¿›åº¦è½®è¯¢å®Œæˆ 
[GIN] 2025/12/18 - 18:27:11 | 20251218182711825130137o60hiE1v | 200 |      642.25Âµs |             ::1 |     GET /api/status
[SYS] 2025/12/18 - 18:27:25 | ä»»åŠ¡è¿›åº¦è½®è¯¢å¼€å§‹ 
[SYS] 2025/12/18 - 18:27:25 | ä»»åŠ¡è¿›åº¦è½®è¯¢å®Œæˆ 
[SYS] 2025/12/18 - 18:27:39 | syncing options from database 
[SYS] 2025/12/18 - 18:27:39 | syncing channels from database 
[SYS] 2025/12/18 - 18:27:39 | channels synced from database 
[SYS] 2025/12/18 - 18:27:40 | ä»»åŠ¡è¿›åº¦è½®è¯¢å¼€å§‹ 
[SYS] 2025/12/18 - 18:27:40 | ä»»åŠ¡è¿›åº¦è½®è¯¢å®Œæˆ 
[GIN] 2025/12/18 - 18:27:41 | 20251218182741875080429mpggl0Xp | 200 |     569.334Âµs |             ::1 |     GET /api/status
[SYS] 2025/12/18 - 18:27:55 | ä»»åŠ¡è¿›åº¦è½®è¯¢å¼€å§‹ 
[SYS] 2025/12/18 - 18:27:55 | ä»»åŠ¡è¿›åº¦è½®è¯¢å®Œæˆ 
[SYS] 2025/12/18 - 18:28:10 | ä»»åŠ¡è¿›åº¦è½®è¯¢å¼€å§‹ 
[SYS] 2025/12/18 - 18:28:10 | ä»»åŠ¡è¿›åº¦è½®è¯¢å®Œæˆ 
[GIN] 2025/12/18 - 18:28:11 | 20251218182811927778471Xrriwc1a | 200 |       727.5Âµs |             ::1 |     GET /api/status
[SYS] 2025/12/18 - 18:28:25 | ä»»åŠ¡è¿›åº¦è½®è¯¢å¼€å§‹ 
[SYS] 2025/12/18 - 18:28:25 | ä»»åŠ¡è¿›åº¦è½®è¯¢å®Œæˆ 
[SYS] 2025/12/18 - 18:28:39 | syncing channels from database 
[SYS] 2025/12/18 - 18:28:39 | syncing options from database 
[SYS] 2025/12/18 - 18:28:39 | channels synced from database 
[SYS] 2025/12/18 - 18:28:40 | ä»»åŠ¡è¿›åº¦è½®è¯¢å¼€å§‹ 
[SYS] 2025/12/18 - 18:28:40 | ä»»åŠ¡è¿›åº¦è½®è¯¢å®Œæˆ 
[GIN] 2025/12/18 - 18:28:41 | 20251218182841978007471pjbZcNHW | 200 |     572.958Âµs |             ::1 |     GET /api/status
[SYS] 2025/12/18 - 18:28:55 | ä»»åŠ¡è¿›åº¦è½®è¯¢å¼€å§‹ 
[SYS] 2025/12/18 - 18:28:55 | ä»»åŠ¡è¿›åº¦è½®è¯¢å®Œæˆ 
[SYS] 2025/12/18 - 18:29:10 | ä»»åŠ¡è¿›åº¦è½®è¯¢å¼€å§‹ 
[SYS] 2025/12/18 - 18:29:10 | ä»»åŠ¡è¿›åº¦è½®è¯¢å®Œæˆ 
[GIN] 2025/12/18 - 18:29:12 | 2025121818291231493096FNqPk5hz | 200 |      607.75Âµs |             ::1 |     GET /api/status
[SYS] 2025/12/18 - 18:29:25 | ä»»åŠ¡è¿›åº¦è½®è¯¢å¼€å§‹ 
[SYS] 2025/12/18 - 18:29:25 | ä»»åŠ¡è¿›åº¦è½®è¯¢å®Œæˆ 
[SYS] 2025/12/18 - 18:29:39 | syncing channels from database 
[SYS] 2025/12/18 - 18:29:39 | syncing options from database 
[SYS] 2025/12/18 - 18:29:39 | channels synced from database 
[SYS] 2025/12/18 - 18:29:40 | ä»»åŠ¡è¿›åº¦è½®è¯¢å¼€å§‹ 
[SYS] 2025/12/18 - 18:29:40 | ä»»åŠ¡è¿›åº¦è½®è¯¢å®Œæˆ 
[GIN] 2025/12/18 - 18:29:42 | 2025121818294286217971VvsPMioF | 200 |     446.625Âµs |             ::1 |     GET /api/status
[SYS] 2025/12/18 - 18:29:55 | ä»»åŠ¡è¿›åº¦è½®è¯¢å¼€å§‹ 
[SYS] 2025/12/18 - 18:29:55 | ä»»åŠ¡è¿›åº¦è½®è¯¢å®Œæˆ 
[SYS] 2025/12/18 - 18:30:10 | ä»»åŠ¡è¿›åº¦è½®è¯¢å¼€å§‹ 
[SYS] 2025/12/18 - 18:30:10 | ä»»åŠ¡è¿›åº¦è½®è¯¢å®Œæˆ 
[GIN] 2025/12/18 - 18:30:12 | 20251218183012135543346qoVv4vu4 | 200 |     647.916Âµs |             ::1 |     GET /api/status
[SYS] 2025/12/18 - 18:30:25 | ä»»åŠ¡è¿›åº¦è½®è¯¢å¼€å§‹ 
[SYS] 2025/12/18 - 18:30:25 | ä»»åŠ¡è¿›åº¦è½®è¯¢å®Œæˆ 
[SYS] 2025/12/18 - 18:30:39 | æ­£åœ¨æ›´æ–°æ•°æ®çœ‹æ¿æ•°æ®... 
[SYS] 2025/12/18 - 18:30:39 | ä¿å­˜æ•°æ®çœ‹æ¿æ•°æ®æˆåŠŸï¼Œå…±ä¿å­˜0æ¡æ•°æ® 
[SYS] 2025/12/18 - 18:30:39 | syncing channels from database 
[SYS] 2025/12/18 - 18:30:39 | syncing options from database 
[SYS] 2025/12/18 - 18:30:39 | channels synced from database 
[SYS] 2025/12/18 - 18:30:40 | ä»»åŠ¡è¿›åº¦è½®è¯¢å¼€å§‹ 
[SYS] 2025/12/18 - 18:30:40 | ä»»åŠ¡è¿›åº¦è½®è¯¢å®Œæˆ 
[GIN] 2025/12/18 - 18:30:42 | 20251218183042167978804ZHbfNj2k | 200 |     314.208Âµs |             ::1 |     GET /api/status
[SYS] 2025/12/18 - 18:30:55 | ä»»åŠ¡è¿›åº¦è½®è¯¢å¼€å§‹ 
[SYS] 2025/12/18 - 18:30:55 | ä»»åŠ¡è¿›åº¦è½®è¯¢å®Œæˆ 
[SYS] 2025/12/18 - 18:31:10 | ä»»åŠ¡è¿›åº¦è½®è¯¢å¼€å§‹ 
[SYS] 2025/12/18 - 18:31:10 | ä»»åŠ¡è¿›åº¦è½®è¯¢å®Œæˆ 
[GIN] 2025/12/18 - 18:31:12 | 20251218183112219488721YkUlllJ3 | 200 |     370.667Âµs |             ::1 |     GET /api/status
[SYS] 2025/12/18 - 18:31:25 | ä»»åŠ¡è¿›åº¦è½®è¯¢å¼€å§‹ 
[SYS] 2025/12/18 - 18:31:25 | ä»»åŠ¡è¿›åº¦è½®è¯¢å®Œæˆ 
[SYS] 2025/12/18 - 18:31:39 | syncing options from database 
[SYS] 2025/12/18 - 18:31:39 | syncing channels from database 
[SYS] 2025/12/18 - 18:31:39 | channels synced from database 
[SYS] 2025/12/18 - 18:31:40 | ä»»åŠ¡è¿›åº¦è½®è¯¢å¼€å§‹ 
[SYS] 2025/12/18 - 18:31:40 | ä»»åŠ¡è¿›åº¦è½®è¯¢å®Œæˆ 
[GIN] 2025/12/18 - 18:31:42 | 20251218183142294292679QzJWzMEM | 200 |    1.529708ms |             ::1 |     GET /api/status
[SYS] 2025/12/18 - 18:31:55 | ä»»åŠ¡è¿›åº¦è½®è¯¢å¼€å§‹ 
[SYS] 2025/12/18 - 18:31:55 | ä»»åŠ¡è¿›åº¦è½®è¯¢å®Œæˆ 
[SYS] 2025/12/18 - 18:32:10 | ä»»åŠ¡è¿›åº¦è½®è¯¢å¼€å§‹ 
[SYS] 2025/12/18 - 18:32:10 | ä»»åŠ¡è¿›åº¦è½®è¯¢å®Œæˆ 
[GIN] 2025/12/18 - 18:32:12 | 20251218183212352131221yNNF4vAj | 200 |       696.5Âµs |             ::1 |     GET /api/status
[SYS] 2025/12/18 - 18:32:25 | ä»»åŠ¡è¿›åº¦è½®è¯¢å¼€å§‹ 
[SYS] 2025/12/18 - 18:32:25 | ä»»åŠ¡è¿›åº¦è½®è¯¢å®Œæˆ 
[SYS] 2025/12/18 - 18:32:39 | syncing options from database 
[SYS] 2025/12/18 - 18:32:39 | syncing channels from database 
[SYS] 2025/12/18 - 18:32:39 | channels synced from database 
[SYS] 2025/12/18 - 18:32:40 | ä»»åŠ¡è¿›åº¦è½®è¯¢å¼€å§‹ 
[SYS] 2025/12/18 - 18:32:40 | ä»»åŠ¡è¿›åº¦è½®è¯¢å®Œæˆ 
[GIN] 2025/12/18 - 18:32:42 | 20251218183242387150387ZLWklz2Z | 200 |     230.625Âµs |             ::1 |     GET /api/status
[SYS] 2025/12/18 - 18:32:55 | ä»»åŠ¡è¿›åº¦è½®è¯¢å¼€å§‹ 
[SYS] 2025/12/18 - 18:32:55 | ä»»åŠ¡è¿›åº¦è½®è¯¢å®Œæˆ 
[SYS] 2025/12/18 - 18:33:10 | ä»»åŠ¡è¿›åº¦è½®è¯¢å¼€å§‹ 
[SYS] 2025/12/18 - 18:33:10 | ä»»åŠ¡è¿›åº¦è½®è¯¢å®Œæˆ 
[GIN] 2025/12/18 - 18:33:12 | 20251218183312421204512DJ8FxK1S | 200 |     237.958Âµs |             ::1 |     GET /api/status
[SYS] 2025/12/18 - 18:33:25 | ä»»åŠ¡è¿›åº¦è½®è¯¢å¼€å§‹ 
[SYS] 2025/12/18 - 18:33:25 | ä»»åŠ¡è¿›åº¦è½®è¯¢å®Œæˆ 
[SYS] 2025/12/18 - 18:33:39 | syncing channels from database 
[SYS] 2025/12/18 - 18:33:39 | syncing options from database 
[SYS] 2025/12/18 - 18:33:39 | channels synced from database 
[SYS] 2025/12/18 - 18:33:40 | ä»»åŠ¡è¿›åº¦è½®è¯¢å¼€å§‹ 
[SYS] 2025/12/18 - 18:33:40 | ä»»åŠ¡è¿›åº¦è½®è¯¢å®Œæˆ 
[GIN] 2025/12/18 - 18:33:42 | 20251218183342472958721nMndfiKH | 200 |     625.625Âµs |             ::1 |     GET /api/status
[SYS] 2025/12/18 - 18:33:55 | ä»»åŠ¡è¿›åº¦è½®è¯¢å¼€å§‹ 
[SYS] 2025/12/18 - 18:33:55 | ä»»åŠ¡è¿›åº¦è½®è¯¢å®Œæˆ 
[SYS] 2025/12/18 - 18:34:10 | ä»»åŠ¡è¿›åº¦è½®è¯¢å¼€å§‹ 
[SYS] 2025/12/18 - 18:34:10 | ä»»åŠ¡è¿›åº¦è½®è¯¢å®Œæˆ 
[GIN] 2025/12/18 - 18:34:12 | 20251218183412534665762RQ7a4oAE | 200 |    1.214667ms |             ::1 |     GET /api/status
[SYS] 2025/12/18 - 18:34:25 | ä»»åŠ¡è¿›åº¦è½®è¯¢å¼€å§‹ 
[SYS] 2025/12/18 - 18:34:25 | ä»»åŠ¡è¿›åº¦è½®è¯¢å®Œæˆ 
[SYS] 2025/12/18 - 18:34:39 | syncing options from database 
[SYS] 2025/12/18 - 18:34:39 | syncing channels from database 
[SYS] 2025/12/18 - 18:34:39 | channels synced from database 
[SYS] 2025/12/18 - 18:34:40 | ä»»åŠ¡è¿›åº¦è½®è¯¢å¼€å§‹ 
[SYS] 2025/12/18 - 18:34:40 | ä»»åŠ¡è¿›åº¦è½®è¯¢å®Œæˆ 
[GIN] 2025/12/18 - 18:34:42 | 20251218183442566145179WJH7Ww9c | 200 |     354.791Âµs |             ::1 |     GET /api/status
[SYS] 2025/12/18 - 18:34:55 | ä»»åŠ¡è¿›åº¦è½®è¯¢å¼€å§‹ 
[SYS] 2025/12/18 - 18:34:55 | ä»»åŠ¡è¿›åº¦è½®è¯¢å®Œæˆ 
[SYS] 2025/12/18 - 18:35:10 | ä»»åŠ¡è¿›åº¦è½®è¯¢å¼€å§‹ 
[SYS] 2025/12/18 - 18:35:10 | ä»»åŠ¡è¿›åº¦è½®è¯¢å®Œæˆ 
[GIN] 2025/12/18 - 18:35:12 | 20251218183512891388263fdwKCmX3 | 200 |   31.967458ms |             ::1 |     GET /api/status
[SYS] 2025/12/18 - 18:35:25 | ä»»åŠ¡è¿›åº¦è½®è¯¢å¼€å§‹ 
[SYS] 2025/12/18 - 18:35:25 | ä»»åŠ¡è¿›åº¦è½®è¯¢å®Œæˆ 
[SYS] 2025/12/18 - 18:35:39 | æ­£åœ¨æ›´æ–°æ•°æ®çœ‹æ¿æ•°æ®... 
[SYS] 2025/12/18 - 18:35:39 | ä¿å­˜æ•°æ®çœ‹æ¿æ•°æ®æˆåŠŸï¼Œå…±ä¿å­˜0æ¡æ•°æ® 
[SYS] 2025/12/18 - 18:35:39 | syncing options from database 
[SYS] 2025/12/18 - 18:35:39 | syncing channels from database 
[SYS] 2025/12/18 - 18:35:39 | channels synced from database 
[SYS] 2025/12/18 - 18:35:40 | ä»»åŠ¡è¿›åº¦è½®è¯¢å¼€å§‹ 
[SYS] 2025/12/18 - 18:35:40 | ä»»åŠ¡è¿›åº¦è½®è¯¢å®Œæˆ 
[GIN] 2025/12/18 - 18:35:42 | 20251218183542994080888yXtPgpzf | 200 |      726.25Âµs |             ::1 |     GET /api/status
[SYS] 2025/12/18 - 18:35:55 | ä»»åŠ¡è¿›åº¦è½®è¯¢å¼€å§‹ 
[SYS] 2025/12/18 - 18:35:55 | ä»»åŠ¡è¿›åº¦è½®è¯¢å®Œæˆ 
[SYS] 2025/12/18 - 18:36:10 | ä»»åŠ¡è¿›åº¦è½®è¯¢å¼€å§‹ 
[SYS] 2025/12/18 - 18:36:10 | ä»»åŠ¡è¿›åº¦è½®è¯¢å®Œæˆ 
[GIN] 2025/12/18 - 18:36:13 | 20251218183613578550964C15ECH2 | 200 |    1.004458ms |             ::1 |     GET /api/status
[SYS] 2025/12/18 - 18:36:25 | ä»»åŠ¡è¿›åº¦è½®è¯¢å¼€å§‹ 
[SYS] 2025/12/18 - 18:36:25 | ä»»åŠ¡è¿›åº¦è½®è¯¢å®Œæˆ 
[SYS] 2025/12/18 - 18:36:39 | syncing options from database 
[SYS] 2025/12/18 - 18:36:39 | syncing channels from database 
[SYS] 2025/12/18 - 18:36:39 | channels synced from database 
[SYS] 2025/12/18 - 18:36:40 | ä»»åŠ¡è¿›åº¦è½®è¯¢å¼€å§‹ 
[SYS] 2025/12/18 - 18:36:40 | ä»»åŠ¡è¿›åº¦è½®è¯¢å®Œæˆ 
[GIN] 2025/12/18 - 18:36:43 | 20251218183643144718971anc0JNMi | 200 |      901.25Âµs |             ::1 |     GET /api/status
[SYS] 2025/12/18 - 18:36:55 | ä»»åŠ¡è¿›åº¦è½®è¯¢å¼€å§‹ 
[SYS] 2025/12/18 - 18:36:55 | ä»»åŠ¡è¿›åº¦è½®è¯¢å®Œæˆ 
