[SYS] 2025/12/18 - 18:37:25 | initializing token encoders 
[SYS] 2025/12/18 - 18:37:25 | token encoders initialized 
[SYS] 2025/12/18 - 18:37:25 | using PostgreSQL as database 
[SYS] 2025/12/18 - 18:37:25 | database migration started 
[SYS] 2025/12/18 - 18:37:26 | system is already initialized at: 2025-12-18 18:06:27 +0800 CST 
[SYS] 2025/12/18 - 18:37:26 | SYNC_FREQUENCY not set, use default value 60 
[SYS] 2025/12/18 - 18:37:26 | Redis is enabled 
[SYS] 2025/12/18 - 18:37:26 | New API v0.10.1-alpha.8 started 
[SYS] 2025/12/18 - 18:37:26 | memory cache enabled 
[SYS] 2025/12/18 - 18:37:26 | sync frequency: 60 seconds 
[SYS] 2025/12/18 - 18:37:26 | channels synced from database 
[SYS] 2025/12/18 - 18:37:26 | batch update enabled with interval 5s 
[SYS] 2025/12/18 - 18:37:26 | æ­£åœ¨æ›´æ–°æ•°æ®çœ‹æ¿æ•°æ®... 
[SYS] 2025/12/18 - 18:37:26 | ä¿å­˜æ•°æ®çœ‹æ¿æ•°æ®æˆåŠŸï¼Œå…±ä¿å­˜0æ¡æ•°æ® 

  [32mNew API v0.10.1-alpha.8[0m  ready in 489 ms

  âœ  [1mNetwork:[0m http://172.21.0.4:3000/

[GIN] 2025/12/18 - 18:37:35 | 20251218183735813877218eNao2OyR | 200 |    3.320584ms |    192.168.65.1 |     GET /login
[GIN] 2025/12/18 - 18:37:36 | 2025121818373619792718Giv04acg | 200 |      2.0275ms |    192.168.65.1 |     GET /api/status
[SYS] 2025/12/18 - 18:37:41 | ä»»åŠ¡è¿›åº¦è½®è¯¢å¼€å§‹ 
[SYS] 2025/12/18 - 18:37:41 | ä»»åŠ¡è¿›åº¦è½®è¯¢å®Œæˆ 
[GIN] 2025/12/18 - 18:37:55 | 20251218183755817805338gvyX6eQS | 200 |     361.458Âµs |             ::1 |     GET /api/status
[SYS] 2025/12/18 - 18:37:56 | ä»»åŠ¡è¿›åº¦è½®è¯¢å¼€å§‹ 
[SYS] 2025/12/18 - 18:37:56 | ä»»åŠ¡è¿›åº¦è½®è¯¢å®Œæˆ 
[SYS] 2025/12/18 - 18:38:11 | ä»»åŠ¡è¿›åº¦è½®è¯¢å¼€å§‹ 
[SYS] 2025/12/18 - 18:38:11 | ä»»åŠ¡è¿›åº¦è½®è¯¢å®Œæˆ 
[GIN] 2025/12/18 - 18:38:25 | 20251218183825872450254oXEa3mVl | 200 |     683.042Âµs |             ::1 |     GET /api/status
[SYS] 2025/12/18 - 18:38:26 | syncing options from database 
[SYS] 2025/12/18 - 18:38:26 | syncing channels from database 
[SYS] 2025/12/18 - 18:38:26 | ä»»åŠ¡è¿›åº¦è½®è¯¢å¼€å§‹ 
[SYS] 2025/12/18 - 18:38:26 | channels synced from database 
[SYS] 2025/12/18 - 18:38:26 | ä»»åŠ¡è¿›åº¦è½®è¯¢å®Œæˆ 
[SYS] 2025/12/18 - 18:38:41 | ä»»åŠ¡è¿›åº¦è½®è¯¢å¼€å§‹ 
[SYS] 2025/12/18 - 18:38:41 | ä»»åŠ¡è¿›åº¦è½®è¯¢å®Œæˆ 
