[SYS] 2025/12/18 - 18:38:44 | initializing token encoders 
[SYS] 2025/12/18 - 18:38:44 | token encoders initialized 
[SYS] 2025/12/18 - 18:38:44 | using PostgreSQL as database 
[SYS] 2025/12/18 - 18:38:44 | database migration started 
[SYS] 2025/12/18 - 18:38:45 | system is already initialized at: 2025-12-18 18:06:27 +0800 CST 
[SYS] 2025/12/18 - 18:38:45 | SYNC_FREQUENCY not set, use default value 60 
[SYS] 2025/12/18 - 18:38:45 | Redis is enabled 
[SYS] 2025/12/18 - 18:38:45 | New API v0.4.0 started 
[SYS] 2025/12/18 - 18:38:45 | memory cache enabled 
[SYS] 2025/12/18 - 18:38:45 | sync frequency: 60 seconds 
[SYS] 2025/12/18 - 18:38:45 | channels synced from database 
[SYS] 2025/12/18 - 18:38:45 | batch update enabled with interval 5s 
[SYS] 2025/12/18 - 18:38:45 | æ­£åœ¨æ›´æ–°æ•°æ®çœ‹æ¿æ•°æ®... 
[SYS] 2025/12/18 - 18:38:45 | ä¿å­˜æ•°æ®çœ‹æ¿æ•°æ®æˆåŠŸï¼Œå…±ä¿å­˜0æ¡æ•°æ® 

  [32mQUNL API v0.4.0[0m  ready in 616 ms

  âœ  [1mNetwork:[0m http://172.21.0.4:3000/

[SYS] 2025/12/18 - 18:39:00 | ä»»åŠ¡è¿›åº¦è½®è¯¢å¼€å§‹ 
[SYS] 2025/12/18 - 18:39:00 | ä»»åŠ¡è¿›åº¦è½®è¯¢å®Œæˆ 
[GIN] 2025/12/18 - 18:39:14 | 20251218183914974982680LutHBxed | 200 |     723.166Âµs |             ::1 |     GET /api/status
[SYS] 2025/12/18 - 18:39:15 | ä»»åŠ¡è¿›åº¦è½®è¯¢å¼€å§‹ 
[SYS] 2025/12/18 - 18:39:15 | ä»»åŠ¡è¿›åº¦è½®è¯¢å®Œæˆ 
[SYS] 2025/12/18 - 18:39:30 | ä»»åŠ¡è¿›åº¦è½®è¯¢å¼€å§‹ 
[SYS] 2025/12/18 - 18:39:30 | ä»»åŠ¡è¿›åº¦è½®è¯¢å®Œæˆ 
[GIN] 2025/12/18 - 18:39:45 | 20251218183945401591391JOYOydb | 200 |     824.334Âµs |             ::1 |     GET /api/status
[SYS] 2025/12/18 - 18:39:45 | syncing options from database 
[SYS] 2025/12/18 - 18:39:45 | syncing channels from database 
[SYS] 2025/12/18 - 18:39:45 | channels synced from database 
[SYS] 2025/12/18 - 18:39:45 | ä»»åŠ¡è¿›åº¦è½®è¯¢å¼€å§‹ 
[SYS] 2025/12/18 - 18:39:45 | ä»»åŠ¡è¿›åº¦è½®è¯¢å®Œæˆ 
[SYS] 2025/12/18 - 18:40:00 | ä»»åŠ¡è¿›åº¦è½®è¯¢å¼€å§‹ 
[SYS] 2025/12/18 - 18:40:00 | ä»»åŠ¡è¿›åº¦è½®è¯¢å®Œæˆ 
[GIN] 2025/12/18 - 18:40:04 | 20251218184004504887384eLQuFSoh | 200 |    5.298083ms |    192.168.65.1 |     GET /login
[GIN] 2025/12/18 - 18:40:04 | 20251218184004556340009RIkBoXsv | 200 |  185.446709ms |    192.168.65.1 |     GET /assets/index-CvMNh5KC.js
[GIN] 2025/12/18 - 18:40:04 | 202512181840048561301754WbZPh4d | 200 |      841.25Âµs |    192.168.65.1 |     GET /api/status
[GIN] 2025/12/18 - 18:40:15 | 20251218184015107965097SPuVrOzk | 200 |     790.458Âµs |             ::1 |     GET /api/status
[SYS] 2025/12/18 - 18:40:15 | ä»»åŠ¡è¿›åº¦è½®è¯¢å¼€å§‹ 
[SYS] 2025/12/18 - 18:40:15 | ä»»åŠ¡è¿›åº¦è½®è¯¢å®Œæˆ 
[SYS] 2025/12/18 - 18:40:30 | ä»»åŠ¡è¿›åº¦è½®è¯¢å¼€å§‹ 
[SYS] 2025/12/18 - 18:40:30 | ä»»åŠ¡è¿›åº¦è½®è¯¢å®Œæˆ 
[GIN] 2025/12/18 - 18:40:45 | 20251218184045158325847kA4RCmJb | 200 |     533.208Âµs |             ::1 |     GET /api/status
[SYS] 2025/12/18 - 18:40:45 | syncing options from database 
[SYS] 2025/12/18 - 18:40:45 | syncing channels from database 
[SYS] 2025/12/18 - 18:40:45 | channels synced from database 
[SYS] 2025/12/18 - 18:40:45 | ä»»åŠ¡è¿›åº¦è½®è¯¢å¼€å§‹ 
[SYS] 2025/12/18 - 18:40:45 | ä»»åŠ¡è¿›åº¦è½®è¯¢å®Œæˆ 
[SYS] 2025/12/18 - 18:41:00 | ä»»åŠ¡è¿›åº¦è½®è¯¢å¼€å§‹ 
[SYS] 2025/12/18 - 18:41:00 | ä»»åŠ¡è¿›åº¦è½®è¯¢å®Œæˆ 
[GIN] 2025/12/18 - 18:41:15 | 20251218184115213319764KbScwpFb | 200 |     708.667Âµs |             ::1 |     GET /api/status
[SYS] 2025/12/18 - 18:41:15 | ä»»åŠ¡è¿›åº¦è½®è¯¢å¼€å§‹ 
[SYS] 2025/12/18 - 18:41:15 | ä»»åŠ¡è¿›åº¦è½®è¯¢å®Œæˆ 
[SYS] 2025/12/18 - 18:41:30 | ä»»åŠ¡è¿›åº¦è½®è¯¢å¼€å§‹ 
[SYS] 2025/12/18 - 18:41:30 | ä»»åŠ¡è¿›åº¦è½®è¯¢å®Œæˆ 
[GIN] 2025/12/18 - 18:41:45 | 202512181841452856145555K9wG6Ji | 200 |      1.0695ms |             ::1 |     GET /api/status
[SYS] 2025/12/18 - 18:41:45 | syncing options from database 
[SYS] 2025/12/18 - 18:41:45 | syncing channels from database 
[SYS] 2025/12/18 - 18:41:45 | channels synced from database 
[SYS] 2025/12/18 - 18:41:45 | ä»»åŠ¡è¿›åº¦è½®è¯¢å¼€å§‹ 
[SYS] 2025/12/18 - 18:41:45 | ä»»åŠ¡è¿›åº¦è½®è¯¢å®Œæˆ 
[SYS] 2025/12/18 - 18:42:00 | ä»»åŠ¡è¿›åº¦è½®è¯¢å¼€å§‹ 
[SYS] 2025/12/18 - 18:42:00 | ä»»åŠ¡è¿›åº¦è½®è¯¢å®Œæˆ 
[GIN] 2025/12/18 - 18:42:15 | 20251218184215336259139HezntDie | 200 |     616.709Âµs |             ::1 |     GET /api/status
[SYS] 2025/12/18 - 18:42:15 | ä»»åŠ¡è¿›åº¦è½®è¯¢å¼€å§‹ 
[SYS] 2025/12/18 - 18:42:15 | ä»»åŠ¡è¿›åº¦è½®è¯¢å®Œæˆ 
[SYS] 2025/12/18 - 18:42:30 | ä»»åŠ¡è¿›åº¦è½®è¯¢å¼€å§‹ 
[SYS] 2025/12/18 - 18:42:30 | ä»»åŠ¡è¿›åº¦è½®è¯¢å®Œæˆ 
[GIN] 2025/12/18 - 18:42:45 | 20251218184245391909847x8UTEW7C | 200 |     577.375Âµs |             ::1 |     GET /api/status
[SYS] 2025/12/18 - 18:42:45 | syncing options from database 
[SYS] 2025/12/18 - 18:42:45 | syncing channels from database 
[SYS] 2025/12/18 - 18:42:45 | channels synced from database 
[SYS] 2025/12/18 - 18:42:45 | ä»»åŠ¡è¿›åº¦è½®è¯¢å¼€å§‹ 
[SYS] 2025/12/18 - 18:42:45 | ä»»åŠ¡è¿›åº¦è½®è¯¢å®Œæˆ 
[SYS] 2025/12/18 - 18:43:00 | ä»»åŠ¡è¿›åº¦è½®è¯¢å¼€å§‹ 
[SYS] 2025/12/18 - 18:43:00 | ä»»åŠ¡è¿›åº¦è½®è¯¢å®Œæˆ 
[GIN] 2025/12/18 - 18:43:15 | 20251218184315446683764yTvwpJWA | 200 |     574.208Âµs |             ::1 |     GET /api/status
[SYS] 2025/12/18 - 18:43:15 | ä»»åŠ¡è¿›åº¦è½®è¯¢å¼€å§‹ 
[SYS] 2025/12/18 - 18:43:15 | ä»»åŠ¡è¿›åº¦è½®è¯¢å®Œæˆ 
[SYS] 2025/12/18 - 18:43:30 | ä»»åŠ¡è¿›åº¦è½®è¯¢å¼€å§‹ 
[SYS] 2025/12/18 - 18:43:30 | ä»»åŠ¡è¿›åº¦è½®è¯¢å®Œæˆ 
[GIN] 2025/12/18 - 18:43:45 | 20251218184345508695347CCLlS0xW | 200 |      804.25Âµs |             ::1 |     GET /api/status
[SYS] 2025/12/18 - 18:43:45 | æ­£åœ¨æ›´æ–°æ•°æ®çœ‹æ¿æ•°æ®... 
[SYS] 2025/12/18 - 18:43:45 | ä¿å­˜æ•°æ®çœ‹æ¿æ•°æ®æˆåŠŸï¼Œå…±ä¿å­˜0æ¡æ•°æ® 
[SYS] 2025/12/18 - 18:43:45 | syncing options from database 
[SYS] 2025/12/18 - 18:43:45 | syncing channels from database 
[SYS] 2025/12/18 - 18:43:45 | channels synced from database 
[SYS] 2025/12/18 - 18:43:45 | ä»»åŠ¡è¿›åº¦è½®è¯¢å¼€å§‹ 
[SYS] 2025/12/18 - 18:43:45 | ä»»åŠ¡è¿›åº¦è½®è¯¢å®Œæˆ 
[SYS] 2025/12/18 - 18:44:00 | ä»»åŠ¡è¿›åº¦è½®è¯¢å¼€å§‹ 
[SYS] 2025/12/18 - 18:44:00 | ä»»åŠ¡è¿›åº¦è½®è¯¢å®Œæˆ 
[GIN] 2025/12/18 - 18:44:15 | 20251218184415563514764SgZzaKj9 | 200 |     485.167Âµs |             ::1 |     GET /api/status
[SYS] 2025/12/18 - 18:44:15 | ä»»åŠ¡è¿›åº¦è½®è¯¢å¼€å§‹ 
[SYS] 2025/12/18 - 18:44:15 | ä»»åŠ¡è¿›åº¦è½®è¯¢å®Œæˆ 
[SYS] 2025/12/18 - 18:44:30 | ä»»åŠ¡è¿›åº¦è½®è¯¢å¼€å§‹ 
[SYS] 2025/12/18 - 18:44:30 | ä»»åŠ¡è¿›åº¦è½®è¯¢å®Œæˆ 
[SYS] 2025/12/18 - 18:44:45 | syncing options from database 
[SYS] 2025/12/18 - 18:44:45 | syncing channels from database 
[SYS] 2025/12/18 - 18:44:45 | channels synced from database 
[GIN] 2025/12/18 - 18:44:45 | 202512181844456245491395V8gQe7L | 200 |     863.084Âµs |             ::1 |     GET /api/status
[SYS] 2025/12/18 - 18:44:45 | ä»»åŠ¡è¿›åº¦è½®è¯¢å¼€å§‹ 
[SYS] 2025/12/18 - 18:44:45 | ä»»åŠ¡è¿›åº¦è½®è¯¢å®Œæˆ 
[SYS] 2025/12/18 - 18:45:00 | ä»»åŠ¡è¿›åº¦è½®è¯¢å¼€å§‹ 
[SYS] 2025/12/18 - 18:45:00 | ä»»åŠ¡è¿›åº¦è½®è¯¢å®Œæˆ 
[GIN] 2025/12/18 - 18:45:15 | 20251218184515687463333xM2aQv6N | 200 |     738.334Âµs |             ::1 |     GET /api/status
[SYS] 2025/12/18 - 18:45:15 | ä»»åŠ¡è¿›åº¦è½®è¯¢å¼€å§‹ 
[SYS] 2025/12/18 - 18:45:15 | ä»»åŠ¡è¿›åº¦è½®è¯¢å®Œæˆ 
[SYS] 2025/12/18 - 18:45:30 | ä»»åŠ¡è¿›åº¦è½®è¯¢å¼€å§‹ 
[SYS] 2025/12/18 - 18:45:30 | ä»»åŠ¡è¿›åº¦è½®è¯¢å®Œæˆ 
[SYS] 2025/12/18 - 18:45:45 | syncing options from database 
[SYS] 2025/12/18 - 18:45:45 | syncing channels from database 
[SYS] 2025/12/18 - 18:45:45 | channels synced from database 
[GIN] 2025/12/18 - 18:45:45 | 20251218184545753081458fGIMVAbr | 200 |     724.708Âµs |             ::1 |     GET /api/status
[SYS] 2025/12/18 - 18:45:45 | ä»»åŠ¡è¿›åº¦è½®è¯¢å¼€å§‹ 
[SYS] 2025/12/18 - 18:45:45 | ä»»åŠ¡è¿›åº¦è½®è¯¢å®Œæˆ 
[SYS] 2025/12/18 - 18:46:00 | ä»»åŠ¡è¿›åº¦è½®è¯¢å¼€å§‹ 
[SYS] 2025/12/18 - 18:46:00 | ä»»åŠ¡è¿›åº¦è½®è¯¢å®Œæˆ 
[SYS] 2025/12/18 - 18:46:15 | ä»»åŠ¡è¿›åº¦è½®è¯¢å¼€å§‹ 
[SYS] 2025/12/18 - 18:46:15 | ä»»åŠ¡è¿›åº¦è½®è¯¢å®Œæˆ 
[GIN] 2025/12/18 - 18:46:15 | 20251218184615820235208w2QstA8L | 200 |     610.792Âµs |             ::1 |     GET /api/status
[SYS] 2025/12/18 - 18:46:30 | ä»»åŠ¡è¿›åº¦è½®è¯¢å¼€å§‹ 
[SYS] 2025/12/18 - 18:46:30 | ä»»åŠ¡è¿›åº¦è½®è¯¢å®Œæˆ 
[SYS] 2025/12/18 - 18:46:45 | syncing channels from database 
[SYS] 2025/12/18 - 18:46:45 | syncing options from database 
[SYS] 2025/12/18 - 18:46:45 | channels synced from database 
[SYS] 2025/12/18 - 18:46:45 | ä»»åŠ¡è¿›åº¦è½®è¯¢å¼€å§‹ 
[SYS] 2025/12/18 - 18:46:45 | ä»»åŠ¡è¿›åº¦è½®è¯¢å®Œæˆ 
[GIN] 2025/12/18 - 18:46:45 | 20251218184645863912750bF1Q5edr | 200 |     855.792Âµs |             ::1 |     GET /api/status
[SYS] 2025/12/18 - 18:47:00 | ä»»åŠ¡è¿›åº¦è½®è¯¢å¼€å§‹ 
[SYS] 2025/12/18 - 18:47:00 | ä»»åŠ¡è¿›åº¦è½®è¯¢å®Œæˆ 
[SYS] 2025/12/18 - 18:47:15 | ä»»åŠ¡è¿›åº¦è½®è¯¢å¼€å§‹ 
[SYS] 2025/12/18 - 18:47:15 | ä»»åŠ¡è¿›åº¦è½®è¯¢å®Œæˆ 
[GIN] 2025/12/18 - 18:47:15 | 202512181847159141482500poMbiRL | 200 |     595.792Âµs |             ::1 |     GET /api/status
[SYS] 2025/12/18 - 18:47:30 | ä»»åŠ¡è¿›åº¦è½®è¯¢å¼€å§‹ 
[SYS] 2025/12/18 - 18:47:30 | ä»»åŠ¡è¿›åº¦è½®è¯¢å®Œæˆ 
[SYS] 2025/12/18 - 18:47:45 | syncing channels from database 
[SYS] 2025/12/18 - 18:47:45 | syncing options from database 
[SYS] 2025/12/18 - 18:47:45 | channels synced from database 
[SYS] 2025/12/18 - 18:47:45 | ä»»åŠ¡è¿›åº¦è½®è¯¢å¼€å§‹ 
[SYS] 2025/12/18 - 18:47:45 | ä»»åŠ¡è¿›åº¦è½®è¯¢å®Œæˆ 
[GIN] 2025/12/18 - 18:47:45 | 202512181847459751820835IUr8vyi | 200 |     571.416Âµs |             ::1 |     GET /api/status
[SYS] 2025/12/18 - 18:48:00 | ä»»åŠ¡è¿›åº¦è½®è¯¢å¼€å§‹ 
[SYS] 2025/12/18 - 18:48:00 | ä»»åŠ¡è¿›åº¦è½®è¯¢å®Œæˆ 
[SYS] 2025/12/18 - 18:48:15 | ä»»åŠ¡è¿›åº¦è½®è¯¢å¼€å§‹ 
[SYS] 2025/12/18 - 18:48:15 | ä»»åŠ¡è¿›åº¦è½®è¯¢å®Œæˆ 
[GIN] 2025/12/18 - 18:48:16 | 20251218184816296876660PaaOQ0J | 200 |     646.459Âµs |             ::1 |     GET /api/status
[SYS] 2025/12/18 - 18:48:30 | ä»»åŠ¡è¿›åº¦è½®è¯¢å¼€å§‹ 
[SYS] 2025/12/18 - 18:48:30 | ä»»åŠ¡è¿›åº¦è½®è¯¢å®Œæˆ 
[SYS] 2025/12/18 - 18:48:45 | æ­£åœ¨æ›´æ–°æ•°æ®çœ‹æ¿æ•°æ®... 
[SYS] 2025/12/18 - 18:48:45 | ä¿å­˜æ•°æ®çœ‹æ¿æ•°æ®æˆåŠŸï¼Œå…±ä¿å­˜0æ¡æ•°æ® 
[SYS] 2025/12/18 - 18:48:45 | syncing channels from database 
[SYS] 2025/12/18 - 18:48:45 | syncing options from database 
[SYS] 2025/12/18 - 18:48:45 | channels synced from database 
[SYS] 2025/12/18 - 18:48:45 | ä»»åŠ¡è¿›åº¦è½®è¯¢å¼€å§‹ 
[SYS] 2025/12/18 - 18:48:45 | ä»»åŠ¡è¿›åº¦è½®è¯¢å®Œæˆ 
[GIN] 2025/12/18 - 18:48:46 | 2025121818484680576000w3pJ7FhE | 200 |     595.333Âµs |             ::1 |     GET /api/status
[SYS] 2025/12/18 - 18:49:00 | ä»»åŠ¡è¿›åº¦è½®è¯¢å¼€å§‹ 
[SYS] 2025/12/18 - 18:49:00 | ä»»åŠ¡è¿›åº¦è½®è¯¢å®Œæˆ 
[SYS] 2025/12/18 - 18:49:15 | ä»»åŠ¡è¿›åº¦è½®è¯¢å¼€å§‹ 
[SYS] 2025/12/18 - 18:49:15 | ä»»åŠ¡è¿›åº¦è½®è¯¢å®Œæˆ 
[GIN] 2025/12/18 - 18:49:16 | 20251218184916145811166r0HYcsoD | 200 |     644.833Âµs |             ::1 |     GET /api/status
[SYS] 2025/12/18 - 18:49:30 | ä»»åŠ¡è¿›åº¦è½®è¯¢å¼€å§‹ 
[SYS] 2025/12/18 - 18:49:30 | ä»»åŠ¡è¿›åº¦è½®è¯¢å®Œæˆ 
[SYS] 2025/12/18 - 18:49:45 | syncing channels from database 
[SYS] 2025/12/18 - 18:49:45 | syncing options from database 
[SYS] 2025/12/18 - 18:49:45 | channels synced from database 
[SYS] 2025/12/18 - 18:49:45 | ä»»åŠ¡è¿›åº¦è½®è¯¢å¼€å§‹ 
[SYS] 2025/12/18 - 18:49:45 | ä»»åŠ¡è¿›åº¦è½®è¯¢å®Œæˆ 
[GIN] 2025/12/18 - 18:49:46 | 20251218184946198603875Z3kjphnU | 200 |     589.917Âµs |             ::1 |     GET /api/status
[SYS] 2025/12/18 - 18:50:00 | ä»»åŠ¡è¿›åº¦è½®è¯¢å¼€å§‹ 
[SYS] 2025/12/18 - 18:50:00 | ä»»åŠ¡è¿›åº¦è½®è¯¢å®Œæˆ 
[SYS] 2025/12/18 - 18:50:15 | ä»»åŠ¡è¿›åº¦è½®è¯¢å¼€å§‹ 
[SYS] 2025/12/18 - 18:50:15 | ä»»åŠ¡è¿›åº¦è½®è¯¢å®Œæˆ 
[GIN] 2025/12/18 - 18:50:16 | 202512181850162553065004gMUsgwY | 200 |    1.119959ms |             ::1 |     GET /api/status
[SYS] 2025/12/18 - 18:50:30 | ä»»åŠ¡è¿›åº¦è½®è¯¢å¼€å§‹ 
[SYS] 2025/12/18 - 18:50:31 | ä»»åŠ¡è¿›åº¦è½®è¯¢å®Œæˆ 
[SYS] 2025/12/18 - 18:50:45 | syncing channels from database 
[SYS] 2025/12/18 - 18:50:45 | syncing options from database 
[SYS] 2025/12/18 - 18:50:45 | channels synced from database 
[SYS] 2025/12/18 - 19:10:05 | ä»»åŠ¡è¿›åº¦è½®è¯¢å¼€å§‹ 
[SYS] 2025/12/18 - 19:10:05 | ä»»åŠ¡è¿›åº¦è½®è¯¢å®Œæˆ 
[GIN] 2025/12/18 - 19:10:05 | 20251218191005406004958o2zOXVLf | 200 |    1.447125ms |             ::1 |     GET /api/status
[SYS] 2025/12/18 - 19:10:20 | ä»»åŠ¡è¿›åº¦è½®è¯¢å¼€å§‹ 
[SYS] 2025/12/18 - 19:10:20 | ä»»åŠ¡è¿›åº¦è½®è¯¢å®Œæˆ 
[SYS] 2025/12/18 - 20:41:22 | ä»»åŠ¡è¿›åº¦è½®è¯¢å¼€å§‹ 
[SYS] 2025/12/18 - 20:41:22 | ä»»åŠ¡è¿›åº¦è½®è¯¢å®Œæˆ 
[GIN] 2025/12/18 - 20:41:22 | 20251218204122666621416ma5jwMjl | 200 |     924.875Âµs |             ::1 |     GET /api/status
[SYS] 2025/12/18 - 20:41:37 | ä»»åŠ¡è¿›åº¦è½®è¯¢å¼€å§‹ 
[SYS] 2025/12/18 - 20:41:37 | ä»»åŠ¡è¿›åº¦è½®è¯¢å®Œæˆ 
[SYS] 2025/12/18 - 20:41:51 | syncing channels from database 
[SYS] 2025/12/18 - 20:41:51 | syncing options from database 
[SYS] 2025/12/18 - 20:41:51 | channels synced from database 
[SYS] 2025/12/18 - 20:41:52 | ä»»åŠ¡è¿›åº¦è½®è¯¢å¼€å§‹ 
[SYS] 2025/12/18 - 20:41:52 | ä»»åŠ¡è¿›åº¦è½®è¯¢å®Œæˆ 
[GIN] 2025/12/18 - 20:41:52 | 20251218204152730157500n3jWJgDY | 200 |     1.05925ms |             ::1 |     GET /api/status
[SYS] 2025/12/18 - 20:42:07 | ä»»åŠ¡è¿›åº¦è½®è¯¢å¼€å§‹ 
[SYS] 2025/12/18 - 20:42:07 | ä»»åŠ¡è¿›åº¦è½®è¯¢å®Œæˆ 
[SYS] 2025/12/18 - 20:42:22 | ä»»åŠ¡è¿›åº¦è½®è¯¢å¼€å§‹ 
[SYS] 2025/12/18 - 20:42:22 | ä»»åŠ¡è¿›åº¦è½®è¯¢å®Œæˆ 
[GIN] 2025/12/18 - 20:42:22 | 20251218204222789308083DzzP7Bvg | 200 |     680.083Âµs |             ::1 |     GET /api/status
[SYS] 2025/12/18 - 20:42:37 | ä»»åŠ¡è¿›åº¦è½®è¯¢å¼€å§‹ 
[SYS] 2025/12/18 - 20:42:37 | ä»»åŠ¡è¿›åº¦è½®è¯¢å®Œæˆ 
[SYS] 2025/12/18 - 20:42:51 | syncing channels from database 
[SYS] 2025/12/18 - 20:42:51 | syncing options from database 
[SYS] 2025/12/18 - 20:42:51 | channels synced from database 
[SYS] 2025/12/18 - 20:42:52 | ä»»åŠ¡è¿›åº¦è½®è¯¢å¼€å§‹ 
[SYS] 2025/12/18 - 20:42:52 | ä»»åŠ¡è¿›åº¦è½®è¯¢å®Œæˆ 
[GIN] 2025/12/18 - 20:42:52 | 2025121820425285149537532rmd9Rf | 200 |      687.75Âµs |             ::1 |     GET /api/status
[SYS] 2025/12/18 - 20:43:07 | ä»»åŠ¡è¿›åº¦è½®è¯¢å¼€å§‹ 
[SYS] 2025/12/18 - 20:43:07 | ä»»åŠ¡è¿›åº¦è½®è¯¢å®Œæˆ 
[SYS] 2025/12/18 - 20:43:22 | ä»»åŠ¡è¿›åº¦è½®è¯¢å¼€å§‹ 
[SYS] 2025/12/18 - 20:43:22 | ä»»åŠ¡è¿›åº¦è½®è¯¢å®Œæˆ 
[GIN] 2025/12/18 - 20:43:22 | 20251218204322906883375QejmBgsj | 200 |     718.334Âµs |             ::1 |     GET /api/status
[SYS] 2025/12/18 - 20:43:37 | ä»»åŠ¡è¿›åº¦è½®è¯¢å¼€å§‹ 
[SYS] 2025/12/18 - 20:43:37 | ä»»åŠ¡è¿›åº¦è½®è¯¢å®Œæˆ 
[SYS] 2025/12/18 - 20:43:51 | æ­£åœ¨æ›´æ–°æ•°æ®çœ‹æ¿æ•°æ®... 
[SYS] 2025/12/18 - 20:43:51 | ä¿å­˜æ•°æ®çœ‹æ¿æ•°æ®æˆåŠŸï¼Œå…±ä¿å­˜0æ¡æ•°æ® 
[SYS] 2025/12/18 - 20:43:51 | syncing channels from database 
[SYS] 2025/12/18 - 20:43:51 | syncing options from database 
[SYS] 2025/12/18 - 20:43:51 | channels synced from database 
[SYS] 2025/12/18 - 20:43:52 | ä»»åŠ¡è¿›åº¦è½®è¯¢å¼€å§‹ 
[SYS] 2025/12/18 - 20:43:52 | ä»»åŠ¡è¿›åº¦è½®è¯¢å®Œæˆ 
[GIN] 2025/12/18 - 20:43:52 | 20251218204352955529292vEk3GKco | 200 |     396.792Âµs |             ::1 |     GET /api/status
[SYS] 2025/12/18 - 20:44:07 | ä»»åŠ¡è¿›åº¦è½®è¯¢å¼€å§‹ 
[SYS] 2025/12/18 - 20:44:07 | ä»»åŠ¡è¿›åº¦è½®è¯¢å®Œæˆ 
[SYS] 2025/12/18 - 20:44:22 | ä»»åŠ¡è¿›åº¦è½®è¯¢å¼€å§‹ 
[SYS] 2025/12/18 - 20:44:22 | ä»»åŠ¡è¿›åº¦è½®è¯¢å®Œæˆ 
[GIN] 2025/12/18 - 20:44:22 | 202512182044229968860000qBDoALt | 200 |      476.75Âµs |             ::1 |     GET /api/status
[SYS] 2025/12/18 - 20:44:37 | ä»»åŠ¡è¿›åº¦è½®è¯¢å¼€å§‹ 
[SYS] 2025/12/18 - 20:44:37 | ä»»åŠ¡è¿›åº¦è½®è¯¢å®Œæˆ 
[SYS] 2025/12/18 - 20:44:51 | syncing channels from database 
[SYS] 2025/12/18 - 20:44:51 | syncing options from database 
[SYS] 2025/12/18 - 20:44:51 | channels synced from database 
[SYS] 2025/12/18 - 20:44:52 | ä»»åŠ¡è¿›åº¦è½®è¯¢å¼€å§‹ 
[SYS] 2025/12/18 - 20:44:52 | ä»»åŠ¡è¿›åº¦è½®è¯¢å®Œæˆ 
[GIN] 2025/12/18 - 20:44:53 | 20251218204453378884581yuy54nQ | 200 |      331.25Âµs |             ::1 |     GET /api/status
[SYS] 2025/12/18 - 20:45:07 | ä»»åŠ¡è¿›åº¦è½®è¯¢å¼€å§‹ 
[SYS] 2025/12/18 - 20:45:07 | ä»»åŠ¡è¿›åº¦è½®è¯¢å®Œæˆ 
[SYS] 2025/12/18 - 20:45:22 | ä»»åŠ¡è¿›åº¦è½®è¯¢å¼€å§‹ 
[SYS] 2025/12/18 - 20:45:22 | ä»»åŠ¡è¿›åº¦è½®è¯¢å®Œæˆ 
[GIN] 2025/12/18 - 20:45:23 | 2025121820452389666500FsRyWxC3 | 200 |     660.667Âµs |             ::1 |     GET /api/status
[SYS] 2025/12/18 - 20:45:37 | ä»»åŠ¡è¿›åº¦è½®è¯¢å¼€å§‹ 
[SYS] 2025/12/18 - 20:45:37 | ä»»åŠ¡è¿›åº¦è½®è¯¢å®Œæˆ 
[SYS] 2025/12/18 - 20:45:51 | syncing channels from database 
[SYS] 2025/12/18 - 20:45:51 | syncing options from database 
[SYS] 2025/12/18 - 20:45:51 | channels synced from database 
[SYS] 2025/12/18 - 20:45:52 | ä»»åŠ¡è¿›åº¦è½®è¯¢å¼€å§‹ 
[SYS] 2025/12/18 - 20:45:52 | ä»»åŠ¡è¿›åº¦è½®è¯¢å®Œæˆ 
[GIN] 2025/12/18 - 20:45:53 | 202512182045531466730839oSUzl6X | 200 |     660.667Âµs |             ::1 |     GET /api/status
[SYS] 2025/12/18 - 20:46:07 | ä»»åŠ¡è¿›åº¦è½®è¯¢å¼€å§‹ 
[SYS] 2025/12/18 - 20:46:07 | ä»»åŠ¡è¿›åº¦è½®è¯¢å®Œæˆ 
[SYS] 2025/12/18 - 20:46:22 | ä»»åŠ¡è¿›åº¦è½®è¯¢å¼€å§‹ 
[SYS] 2025/12/18 - 20:46:22 | ä»»åŠ¡è¿›åº¦è½®è¯¢å®Œæˆ 
[GIN] 2025/12/18 - 20:46:23 | 20251218204623191971917U1Y805ah | 200 |     356.833Âµs |             ::1 |     GET /api/status
[SYS] 2025/12/18 - 20:46:37 | ä»»åŠ¡è¿›åº¦è½®è¯¢å¼€å§‹ 
[SYS] 2025/12/18 - 20:46:37 | ä»»åŠ¡è¿›åº¦è½®è¯¢å®Œæˆ 
[SYS] 2025/12/18 - 20:46:51 | syncing channels from database 
[SYS] 2025/12/18 - 20:46:51 | syncing options from database 
[SYS] 2025/12/18 - 20:46:51 | channels synced from database 
[SYS] 2025/12/18 - 20:46:52 | ä»»åŠ¡è¿›åº¦è½®è¯¢å¼€å§‹ 
[SYS] 2025/12/18 - 20:46:52 | ä»»åŠ¡è¿›åº¦è½®è¯¢å®Œæˆ 
[GIN] 2025/12/18 - 20:46:53 | 20251218204653258744875smA07Dwu | 200 |    1.351417ms |             ::1 |     GET /api/status
[SYS] 2025/12/18 - 20:47:07 | ä»»åŠ¡è¿›åº¦è½®è¯¢å¼€å§‹ 
[SYS] 2025/12/18 - 20:47:07 | ä»»åŠ¡è¿›åº¦è½®è¯¢å®Œæˆ 
[SYS] 2025/12/18 - 20:47:22 | ä»»åŠ¡è¿›åº¦è½®è¯¢å¼€å§‹ 
[SYS] 2025/12/18 - 20:47:22 | ä»»åŠ¡è¿›åº¦è½®è¯¢å®Œæˆ 
[GIN] 2025/12/18 - 20:47:23 | 20251218204723322393875ekSO6r0j | 200 |     858.625Âµs |             ::1 |     GET /api/status
[SYS] 2025/12/18 - 20:47:37 | ä»»åŠ¡è¿›åº¦è½®è¯¢å¼€å§‹ 
[SYS] 2025/12/18 - 20:47:37 | ä»»åŠ¡è¿›åº¦è½®è¯¢å®Œæˆ 
[SYS] 2025/12/18 - 20:47:51 | syncing options from database 
[SYS] 2025/12/18 - 20:47:51 | syncing channels from database 
[SYS] 2025/12/18 - 20:47:51 | channels synced from database 
